#-----------------------------------------------------------
# Vivado v2018.3 (64-bit)
# SW Build 2405991 on Thu Dec  6 23:38:27 MST 2018
# IP Build 2404404 on Fri Dec  7 01:43:56 MST 2018
# Start of session at: Thu Jun 18 08:06:38 2020
# Process ID: 1792
# Current directory: C:/Users/fay/Documents/GitHub/Computer_design_and_practice/Single_cycle_CPU/code/Single_cycle_CPU - 副本
# Command line: vivado.exe -gui_launcher_event rodinguilauncherevent11576 C:\Users\fay\Documents\GitHub\Computer_design_and_practice\Single_cycle_CPU\code\Single_cycle_CPU - 副本\Single_cycle_CPU.xpr
# Log file: C:/Users/fay/Documents/GitHub/Computer_design_and_practice/Single_cycle_CPU/code/Single_cycle_CPU - 副本/vivado.log
# Journal file: C:/Users/fay/Documents/GitHub/Computer_design_and_practice/Single_cycle_CPU/code/Single_cycle_CPU - 副本\vivado.jou
#-----------------------------------------------------------
start_gui
open_project {C:/Users/fay/Documents/GitHub/Computer_design_and_practice/Single_cycle_CPU/code/Single_cycle_CPU - 副本/Single_cycle_CPU.xpr}
INFO: [ProjectBase 1-489] The host OS only allows 260 characters in a normal path. The project is stored in a path with more than 80 characters. If you experience issues with IP, Block Designs, or files not being found, please consider moving the project to a location with a shorter path. Alternately consider using the OS subst command to map part of the path to a drive letter.
Current project path is 'C:/Users/fay/Documents/GitHub/Computer_design_and_practice/Single_cycle_CPU/code/Single_cycle_CPU - 副本'
INFO: [Project 1-313] Project file moved from 'C:/Users/fay/Documents/GitHub/Computer_design_and_practice/Single_cycle_CPU/code/Single_cycle_CPU' since last save.
CRITICAL WARNING: [Project 1-311] Could not find the file 'C:/Users/fay/Documents/GitHub/Computer_design_and_practice/Single_cycle_CPU/code/Single_cycle_CPU - 副本/Single_cycle_CPU.srcs/sources_1/ip/prgrom_1/prgrom.coe', nor could it be found using path 'C:/Users/fay/Documents/GitHub/Computer_design_and_practice/Single_cycle_CPU/code/Single_cycle_CPU/Single_cycle_CPU.srcs/sources_1/ip/prgrom_1/prgrom.coe'.
Scanning sources...
Finished scanning sources
INFO: [IP_Flow 19-234] Refreshing IP repositories
INFO: [IP_Flow 19-1704] No user IP repositories specified
INFO: [IP_Flow 19-2313] Loaded Vivado IP repository 'C:/Xilinx/Vivado/2018.3/data/ip'.
exit
INFO: [Common 17-206] Exiting Vivado at Thu Jun 18 08:06:55 2020...
