#
# A fatal error has been detected by the Java Runtime Environment:
#
#  EXCEPTION_ACCESS_VIOLATION (0xc0000005) at pc=0x00007fff5313880f, pid=20644, tid=21672
#
# JRE version: Java(TM) SE Runtime Environment (9.0+11) (build 9.0.4+11)
# Java VM: Java HotSpot(TM) 64-Bit Server VM (9.0.4+11, mixed mode, tiered, compressed oops, g1 gc, windows-amd64)
# Problematic frame:
# C  [librdi_common.dll+0x17880f]
#
# No core dump will be written. Minidumps are not enabled by default on client versions of Windows
#
# If you would like to submit a bug report, please visit:
#   http://bugreport.java.com/bugreport/crash.jsp
# The crash happened outside the Java Virtual Machine in native code.
# See problematic frame for where to report the bug.
#

---------------  S U M M A R Y ------------

Command Line: -Dsun.java2d.pmoffscreen=false -Dsun.java2d.xrender=false -Dsun.java2d.d3d=false -Dsun.awt.nopixfmt=true -Dsun.java2d.dpiaware=true -Dsun.java2d.uiScale.enabled=false -Xverify:none -Dswing.aatext=true -XX:-UsePerfData -Djdk.map.althashing.threshold=512 -XX:StringTableSize=4072 --add-opens=java.base/java.nio=ALL-UNNAMED --add-opens=java.desktop/sun.swing=ALL-UNNAMED --add-opens=java.desktop/javax.swing=ALL-UNNAMED --add-opens=java.desktop/javax.swing.tree=ALL-UNNAMED --add-opens=java.desktop/javax.swing.plaf.basic=ALL-UNNAMED --add-opens=java.desktop/javax.swing.plaf.synth=ALL-UNNAMED --add-opens=java.desktop/com.sun.awt=ALL-UNNAMED -XX:NewSize=60m -XX:MaxNewSize=60m -Xms128m -Xmx3072m -Xss5m 

Host: Intel(R) Core(TM) i7-8750H CPU @ 2.20GHz, 12 cores, 15G,  Windows 10 , 64 bit Build 17763 (10.0.17763.1158)
Time: Sun Jun 21 16:58:12 2020 ?D1¨²¡À¨º¡Á?¨º¡À?? elapsed time: 862 seconds (0d 0h 14m 22s)

---------------  T H R E A D  ---------------

Current thread (0x00000203b517a000):  JavaThread "AWT-EventQueue-1" [_thread_in_native, id=21672, stack(0x0000006a0d300000,0x0000006a0d800000)]

Stack: [0x0000006a0d300000,0x0000006a0d800000],  sp=0x0000006a0d7fb580,  free space=5101k
Native frames: (J=compiled Java code, j=interpreted, Vv=VM code, C=native code)
C  [librdi_common.dll+0x17880f]
C  [librdi_common.dll+0x81bcd]
C  [librdi_wavedata.dll+0x1d9e1e]
C  [librdi_wavedata.dll+0x256eaf]
C  [librdi_wavedata.dll+0x25e869]
C  [librdi_wavedata.dll+0x22f5bb]
C  [librdi_wavedata.dll+0x26b487]
C  0x00000203a13384ba

Java frames: (J=compiled Java code, j=interpreted, Vv=VM code)
J 16623  ui.views.waveform.waveformi.WVExecutive_getTooltipTextDelayed(J)Ljava/lang/String; (0 bytes) @ 0x00000203a1338421 [0x00000203a13383e0+0x0000000000000041]
J 20198 c2 ui.views.waveform.b.a.mouseMoved(Ljava/awt/event/MouseEvent;)V (32 bytes) @ 0x00000203a16cb8c4 [0x00000203a16cb720+0x00000000000001a4]
J 16933 c2 java.awt.AWTEventMulticaster.mouseMoved(Ljava/awt/event/MouseEvent;)V java.desktop@9.0.4 (27 bytes) @ 0x00000203a13a2974 [0x00000203a13a28c0+0x00000000000000b4]
J 16933 c2 java.awt.AWTEventMulticaster.mouseMoved(Ljava/awt/event/MouseEvent;)V java.desktop@9.0.4 (27 bytes) @ 0x00000203a13a2934 [0x00000203a13a28c0+0x0000000000000074]
J 20195 c2 ui.frmwork.c.i.processMouseMotionEvent(Ljava/awt/event/MouseEvent;)V (131 bytes) @ 0x00000203a114b550 [0x00000203a114b240+0x0000000000000310]
J 17306 c2 java.awt.Container.processEvent(Ljava/awt/AWTEvent;)V java.desktop@9.0.4 (22 bytes) @ 0x00000203a1438344 [0x00000203a14381c0+0x0000000000000184]
J 20207 c2 java.awt.Component.dispatchEventImpl(Ljava/awt/AWTEvent;)V java.desktop@9.0.4 (739 bytes) @ 0x00000203a16d18ec [0x00000203a16d0f00+0x00000000000009ec]
J 18367 c2 java.awt.Container.dispatchEventImpl(Ljava/awt/AWTEvent;)V java.desktop@9.0.4 (129 bytes) @ 0x00000203a15513f8 [0x00000203a15513a0+0x0000000000000058]
J 18191 c2 java.awt.LightweightDispatcher.retargetMouseEvent(Ljava/awt/Component;ILjava/awt/event/MouseEvent;)V java.desktop@9.0.4 (350 bytes) @ 0x00000203a151c6f0 [0x00000203a151c120+0x00000000000005d0]
J 17241 c2 java.awt.LightweightDispatcher.processMouseEvent(Ljava/awt/event/MouseEvent;)Z java.desktop@9.0.4 (265 bytes) @ 0x00000203a141ac64 [0x00000203a141a440+0x0000000000000824]
J 18367 c2 java.awt.Container.dispatchEventImpl(Ljava/awt/AWTEvent;)V java.desktop@9.0.4 (129 bytes) @ 0x00000203a155195c [0x00000203a15513a0+0x00000000000005bc]
J 17232 c2 java.awt.Window.dispatchEventImpl(Ljava/awt/AWTEvent;)V java.desktop@9.0.4 (23 bytes) @ 0x00000203a141770c [0x00000203a14176c0+0x000000000000004c]
J 15974 c2 java.awt.EventQueue$3.run()Ljava/lang/Object; java.desktop@9.0.4 (5 bytes) @ 0x00000203a1240efc [0x00000203a1240900+0x00000000000005fc]
v  ~StubRoutines::call_stub
J 4044  java.security.AccessController.doPrivileged(Ljava/security/PrivilegedAction;Ljava/security/AccessControlContext;)Ljava/lang/Object; java.base@9.0.4 (0 bytes) @ 0x00000203a0663846 [0x00000203a06637e0+0x0000000000000066]
J 16822 c2 java.awt.EventQueue$4.run()Ljava/lang/Object; java.desktop@9.0.4 (5 bytes) @ 0x00000203a13833c0 [0x00000203a1383160+0x0000000000000260]
v  ~StubRoutines::call_stub
J 4044  java.security.AccessController.doPrivileged(Ljava/security/PrivilegedAction;Ljava/security/AccessControlContext;)Ljava/lang/Object; java.base@9.0.4 (0 bytes) @ 0x00000203a0663846 [0x00000203a06637e0+0x0000000000000066]
J 13314 c2 ui.frmwork.b.d.dispatchEvent(Ljava/awt/AWTEvent;)V (34 bytes) @ 0x00000203a0ea3b1c [0x00000203a0ea37a0+0x000000000000037c]
J 18358 c2 java.awt.EventDispatchThread.pumpOneEventForFilters(I)V java.desktop@9.0.4 (218 bytes) @ 0x00000203a154d958 [0x00000203a154d680+0x00000000000002d8]
J 20452% c2 java.awt.EventDispatchThread.pumpEventsForFilter(ILjava/awt/Conditional;Ljava/awt/EventFilter;)V java.desktop@9.0.4 (47 bytes) @ 0x00000203a1728958 [0x00000203a1728840+0x0000000000000118]
j  java.awt.EventDispatchThread.pumpEventsForHierarchy(ILjava/awt/Conditional;Ljava/awt/Component;)V+11 java.desktop@9.0.4
j  java.awt.EventDispatchThread.pumpEvents(ILjava/awt/Conditional;)V+4 java.desktop@9.0.4
j  java.awt.EventDispatchThread.pumpEvents(Ljava/awt/Conditional;)V+3 java.desktop@9.0.4
j  java.awt.EventDispatchThread.run()V+9 java.desktop@9.0.4
v  ~StubRoutines::call_stub

siginfo: EXCEPTION_ACCESS_VIOLATION (0xc0000005), reading address 0xffffffffffffffff


Register to memory mapping:

RIP=0x00007fff5313880f librdi_common.dll
RAX=0x000002038abaf101 is an unknown value
RBX=0x0000006a0d7fb640 is pointing into the stack for thread: 0x00000203b517a000
RCX=0x000002038abaf1a0 is an unknown value
RDX=0x9001ea0053475918 is an unknown value
RSP=0x0000006a0d7fb580 is pointing into the stack for thread: 0x00000203b517a000
RBP=0x0000006a0d7fb7d0 is pointing into the stack for thread: 0x00000203b517a000
RSI=0x0000000000000000 is an unknown value
RDI=0x9001ea0053475918 is an unknown value
R8 =0x00007fff28b437dc librdi_wavedata.dll
R9 =0x0000000000000000 is an unknown value
R10=0x0000000000000001 is an unknown value
R11=0x0000006a0d7fb608 is pointing into the stack for thread: 0x00000203b517a000
R12=0x0000000000000000 is an unknown value
R13=0x0000000000000000 is an unknown value
R14=0x00000203b3b6dfb0 is an unknown value
R15=0x00000001c4180fdd is an unknown value


Registers:
RAX=0x000002038abaf101, RBX=0x0000006a0d7fb640, RCX=0x000002038abaf1a0, RDX=0x9001ea0053475918
RSP=0x0000006a0d7fb580, RBP=0x0000006a0d7fb7d0, RSI=0x0000000000000000, RDI=0x9001ea0053475918
R8 =0x00007fff28b437dc, R9 =0x0000000000000000, R10=0x0000000000000001, R11=0x0000006a0d7fb608
R12=0x0000000000000000, R13=0x0000000000000000, R14=0x00000203b3b6dfb0, R15=0x00000001c4180fdd
RIP=0x00007fff5313880f, EFLAGS=0x0000000000010202

Top of Stack: (sp=0x0000006a0d7fb580)
0x0000006a0d7fb580:   0000000000000000 000000000000000f
0x0000006a0d7fb590:   00000203c7052000 0000006a0d7fb640
0x0000006a0d7fb5a0:   0000000000000000 fffffffffffffffe
0x0000006a0d7fb5b0:   00007fff28b56500 00007fffac9843c8
0x0000006a0d7fb5c0:   0000000000000000 000000000000000f
0x0000006a0d7fb5d0:   0000000065757200 0000000000000000
0x0000006a0d7fb5e0:   0000000000000000 000000000000000f
0x0000006a0d7fb5f0:   0000322890775fef 00007fffac9843a0
0x0000006a0d7fb600:   0000006a0d7fb7b8 00007fff53041bcd
0x0000006a0d7fb610:   00007fff28b43798 00000203b3b6dfb0
0x0000006a0d7fb620:   00000203b3b6dfb0 00000203c491ac90
0x0000006a0d7fb630:   00000203b3b6dfb0 fffffffffffffffe
0x0000006a0d7fb640:   00000001000001b8 00007fff288d8c87
0x0000006a0d7fb650:   00000001c4180fdd 00000203b3b6dfb0
0x0000006a0d7fb660:   0000322890775c7f 0000000000000000
0x0000006a0d7fb670:   0000000000000000 00007fff288d9e1e 

Instructions: (pc=0x00007fff5313880f)
0x00007fff531387ef:   6e 00 cc 48 83 f9 27 76 07 ff 15 e2 64 6e 00 cc
0x00007fff531387ff:   48 8b c8 e8 c9 b4 5a 00 48 8b c3 e9 1c 01 00 00
0x00007fff5313880f:   48 8b 4f 50 48 85 c9 0f 84 ff 00 00 00 48 8d 54
0x00007fff5313881f:   24 50 e8 ba e3 04 00 48 8b d0 48 8d 4c 24 30 e8 



---------------  P R O C E S S  ---------------

Java Threads: ( => current thread )
  0x00000203c6997800 JavaThread "Relaunch Simulation" [_thread_blocked, id=21552, stack(0x0000006a11200000,0x0000006a11700000)]
  0x00000203c6990800 JavaThread "Thread-696" [_thread_in_native, id=20052, stack(0x0000006a0c400000,0x0000006a0c500000)]
  0x00000203c6991800 JavaThread "Thread-642" [_thread_in_native, id=12132, stack(0x0000006a0c400000,0x0000006a0c500000)]
  0x00000203c6996800 JavaThread "Thread-576" [_thread_in_native, id=21612, stack(0x0000006a0c400000,0x0000006a0c500000)]
  0x00000203c6996000 JavaThread "Thread-569" [_thread_in_native, id=15600, stack(0x0000006a0c400000,0x0000006a0c500000)]
  0x00000203c6995000 JavaThread "Thread-557" [_thread_in_native, id=5908, stack(0x0000006a0c500000,0x0000006a0c600000)]
  0x000002038d84b000 JavaThread "Thread-496" [_thread_in_native, id=18404, stack(0x0000006a05500000,0x0000006a05600000)]
  0x000002038d84c800 JavaThread "Thread-486" [_thread_in_native, id=10060, stack(0x0000006a0c400000,0x0000006a0c500000)]
  0x00000203b58ba800 JavaThread "Thread-456" [_thread_in_native, id=5368, stack(0x0000006a05500000,0x0000006a05600000)]
  0x00000203b58ba000 JavaThread "Thread-301" [_thread_in_native, id=21956, stack(0x0000006a05500000,0x0000006a05600000)]
  0x00000203b58b7000 JavaThread "Thread-292" [_thread_in_native, id=12884, stack(0x0000006a0c400000,0x0000006a0c500000)]
  0x00000203b58b6000 JavaThread "Thread-267" [_thread_in_native, id=12968, stack(0x0000006a05400000,0x0000006a05500000)]
  0x00000203b58ae800 JavaThread "Thread-257" [_thread_in_native, id=15720, stack(0x0000006a05400000,0x0000006a05500000)]
  0x00000203b58b4800 JavaThread "Thread-253" [_thread_in_native, id=22392, stack(0x0000006a05400000,0x0000006a05500000)]
  0x00000203b58b5800 JavaThread "Thread-243" [_thread_in_native, id=12032, stack(0x0000006a05400000,0x0000006a05500000)]
  0x00000203b58b4000 JavaThread "Thread-66" [_thread_in_native, id=16944, stack(0x0000006a11300000,0x0000006a11400000)]
  0x00000203b58b8800 JavaThread "Monitor File Timestamp Swing Worker" [_thread_blocked, id=19844, stack(0x0000006a12600000,0x0000006a12b00000)]
  0x00000203b58ab800 JavaThread "Timer-0" [_thread_blocked, id=17644, stack(0x0000006a12100000,0x0000006a12600000)]
  0x00000203b58b1800 JavaThread "SyntheticaAnimation 50" daemon [_thread_blocked, id=1968, stack(0x0000006a0f900000,0x0000006a0fe00000)]
  0x00000203b58b2800 JavaThread "hw_ila_monitor" [_thread_blocked, id=3148, stack(0x0000006a10d00000,0x0000006a11200000)]
  0x00000203b58ae000 JavaThread "Update Runs Swing Worker" [_thread_blocked, id=15216, stack(0x0000006a10800000,0x0000006a10d00000)]
  0x00000203b7c10800 JavaThread "Refresh Filesets Swing Worker" [_thread_blocked, id=8664, stack(0x0000006a10300000,0x0000006a10800000)]
  0x00000203b7c02000 JavaThread "SyntheticaAnimation 70" daemon [_thread_blocked, id=16540, stack(0x0000006a0fe00000,0x0000006a10300000)]
  0x000002038d849800 JavaThread "SyntheticaAnimation 25" daemon [_thread_blocked, id=16256, stack(0x0000006a0ef00000,0x0000006a0f400000)]
  0x000002038d84d000 JavaThread "SyntheticaAnimation 50" daemon [_thread_blocked, id=7692, stack(0x0000006a0ea00000,0x0000006a0ef00000)]
  0x000002038d84b800 JavaThread "Monitor HEventQueue" [_thread_blocked, id=14388, stack(0x0000006a0e500000,0x0000006a0ea00000)]
  0x000002038d850000 JavaThread "Batik CleanerThread" daemon [_thread_blocked, id=10644, stack(0x0000006a0dd00000,0x0000006a0e200000)]
  0x000002038d84f800 JavaThread "SyntheticaCleanerThread" daemon [_thread_blocked, id=12244, stack(0x0000006a0c900000,0x0000006a0ce00000)]
=>0x00000203b517a000 JavaThread "AWT-EventQueue-1" [_thread_in_native, id=21672, stack(0x0000006a0d300000,0x0000006a0d800000)]
  0x00000203b3f3b000 JavaThread "Process Messages" [_thread_blocked, id=15972, stack(0x0000006a0ce00000,0x0000006a0d300000)]
  0x00000203b4e3b000 JavaThread "Thread-1" [_thread_in_native, id=9888, stack(0x0000006a05700000,0x0000006a06b00000)]
  0x00000203b3dd1000 JavaThread "TimerQueue" daemon [_thread_blocked, id=15356, stack(0x0000006a0bf00000,0x0000006a0c400000)]
  0x00000203b3793800 JavaThread "AWT-Windows" daemon [_thread_in_native, id=5276, stack(0x0000006a0ba00000,0x0000006a0bf00000)]
  0x00000203b3792000 JavaThread "AWT-Shutdown" [_thread_blocked, id=5940, stack(0x0000006a0b500000,0x0000006a0ba00000)]
  0x00000203b33f1000 JavaThread "Java2D Disposer" daemon [_thread_blocked, id=11488, stack(0x0000006a0b000000,0x0000006a0b500000)]
  0x00000203915fe800 JavaThread "Service Thread" daemon [_thread_blocked, id=9536, stack(0x0000006a0aa00000,0x0000006a0af00000)]
  0x000002038fa2a800 JavaThread "Common-Cleaner" daemon [_thread_blocked, id=3240, stack(0x0000006a0a500000,0x0000006a0aa00000)]
  0x000002038d84e800 JavaThread "Sweeper thread" daemon [_thread_blocked, id=1476, stack(0x0000006a0a000000,0x0000006a0a500000)]
  0x000002038fcaf000 JavaThread "C1 CompilerThread3" daemon [_thread_blocked, id=22072, stack(0x0000006a09f00000,0x0000006a0a000000)]
  0x000002038fcae000 JavaThread "C2 CompilerThread2" daemon [_thread_blocked, id=11172, stack(0x0000006a09e00000,0x0000006a09f00000)]
  0x000002038f6cf000 JavaThread "C2 CompilerThread1" daemon [_thread_blocked, id=21588, stack(0x0000006a09d00000,0x0000006a09e00000)]
  0x000002038f6ce800 JavaThread "C2 CompilerThread0" daemon [_thread_blocked, id=11820, stack(0x0000006a09c00000,0x0000006a09d00000)]
  0x0000020390185000 JavaThread "Attach Listener" daemon [_thread_blocked, id=13560, stack(0x0000006a09700000,0x0000006a09c00000)]
  0x000002038ec92000 JavaThread "Signal Dispatcher" daemon [_thread_blocked, id=2488, stack(0x0000006a09200000,0x0000006a09700000)]
  0x000002038fa81800 JavaThread "Finalizer" daemon [_thread_blocked, id=9660, stack(0x0000006a08d00000,0x0000006a09200000)]
  0x0000020390560800 JavaThread "Reference Handler" daemon [_thread_blocked, id=10996, stack(0x0000006a08800000,0x0000006a08d00000)]
  0x000002038df9d800 JavaThread "main" [_thread_blocked, id=8520, stack(0x0000006a06d00000,0x0000006a06e00000)]

Other Threads:
  0x000002039055f800 VMThread "VM Thread" [stack: 0x0000006a08700000,0x0000006a08800000] [id=6248]
  0x00000203b30c5800 WatcherThread [stack: 0x0000006a0af00000,0x0000006a0b000000] [id=6884]
  0x000002038f172000 GCTaskThread "GC Thread#0" [stack: 0x0000006a06e00000,0x0000006a06f00000] [id=16272]
  0x000002039027e800 GCTaskThread "GC Thread#1" [stack: 0x0000006a06f00000,0x0000006a07000000] [id=21788]
  0x0000020390225800 GCTaskThread "GC Thread#2" [stack: 0x0000006a07000000,0x0000006a07100000] [id=14080]
  0x000002038ab6b000 GCTaskThread "GC Thread#3" [stack: 0x0000006a07100000,0x0000006a07200000] [id=1680]
  0x000002038dfa0800 GCTaskThread "GC Thread#4" [stack: 0x0000006a07200000,0x0000006a07300000] [id=11620]
  0x000002038d841800 GCTaskThread "GC Thread#5" [stack: 0x0000006a07300000,0x0000006a07400000] [id=5356]
  0x000002038d847800 GCTaskThread "GC Thread#6" [stack: 0x0000006a07400000,0x0000006a07500000] [id=11492]
  0x000002038d845000 GCTaskThread "GC Thread#7" [stack: 0x0000006a07500000,0x0000006a07600000] [id=8572]
  0x000002038d848000 GCTaskThread "GC Thread#8" [stack: 0x0000006a07600000,0x0000006a07700000] [id=13340]
  0x000002038d844000 GCTaskThread "GC Thread#9" [stack: 0x0000006a07700000,0x0000006a07800000] [id=1032]
  0x00000203913a5000 ConcurrentGCThread "G1 Main Marker" [stack: 0x0000006a08300000,0x0000006a08400000] [id=4100]
  0x000002038d844800 ConcurrentGCThread "G1 Marker#0" [stack: 0x0000006a08400000,0x0000006a08500000] [id=9464]
  0x000002038d842000 ConcurrentGCThread "G1 Marker#1" [stack: 0x0000006a08500000,0x0000006a08600000] [id=12192]
  0x000002038d845800 ConcurrentGCThread "G1 Marker#2" [stack: 0x0000006a08600000,0x0000006a08700000] [id=1264]
  0x000002038f9ef800 ConcurrentGCThread "G1 Refine#0" [stack: 0x0000006a08100000,0x0000006a08200000] [id=15652]
  0x000002039061f800 ConcurrentGCThread "G1 Refine#1" [stack: 0x0000006a08000000,0x0000006a08100000] [id=16652]
  0x000002038c465000 ConcurrentGCThread "G1 Refine#2" [stack: 0x0000006a07f00000,0x0000006a08000000] [id=11564]
  0x00000203903d6000 ConcurrentGCThread "G1 Refine#3" [stack: 0x0000006a07e00000,0x0000006a07f00000] [id=8244]
  0x00000203901d9800 ConcurrentGCThread "G1 Refine#4" [stack: 0x0000006a07d00000,0x0000006a07e00000] [id=13788]
  0x000002038db83000 ConcurrentGCThread "G1 Refine#5" [stack: 0x0000006a07c00000,0x0000006a07d00000] [id=20000]
  0x000002038f74c800 ConcurrentGCThread "G1 Refine#6" [stack: 0x0000006a07b00000,0x0000006a07c00000] [id=21188]
  0x000002038edb7800 ConcurrentGCThread "G1 Refine#7" [stack: 0x0000006a07a00000,0x0000006a07b00000] [id=12788]
  0x000002038f828000 ConcurrentGCThread "G1 Refine#8" [stack: 0x0000006a07900000,0x0000006a07a00000] [id=9340]
  0x00000203904e2000 ConcurrentGCThread "G1 Refine#9" [stack: 0x0000006a07800000,0x0000006a07900000] [id=15824]
  0x000002038f9f0000 ConcurrentGCThread "G1 Young RemSet Sampling" [stack: 0x0000006a08200000,0x0000006a08300000] [id=12324]

Threads with active compile tasks:

VM state:not at safepoint (normal execution)

VM Mutex/Monitor currently owned by a thread: None

Heap address: 0x0000000700000000, size: 3072 MB, Compressed Oops mode: Zero based, Oop shift amount: 3
Narrow klass base: 0x0000000000000000, Narrow klass shift: 3
Compressed class space size: 1073741824 Address: 0x00000007c0000000

Heap:
 garbage-first heap   total 175104K, used 98398K [0x0000000700000000, 0x0000000700100558, 0x00000007c0000000)
  region size 1024K, 36 young (36864K), 1 survivors (1024K)
 Metaspace       used 80391K, capacity 86756K, committed 87088K, reserved 1124352K
  class space    used 10905K, capacity 11994K, committed 12080K, reserved 1048576K
Heap Regions: E=young(eden), S=young(survivor), O=old, HS=humongous(starts), HC=humongous(continues), CS=collection set, F=free, A=archive, TS=gc time stamp, AC=allocation context, TAMS=top-at-mark-start (previous, next)
|   0|0x0000000700000000, 0x00000007000ffdb0, 0x0000000700100000| 99%| O|  |TS  0|AC  0|TAMS 0x0000000700000000, 0x0000000700000000|
|   1|0x0000000700100000, 0x0000000700200000, 0x0000000700200000|100%|HS|  |TS  0|AC  0|TAMS 0x0000000700100000, 0x0000000700100000|
|   2|0x0000000700200000, 0x0000000700300000, 0x0000000700300000|100%|HC|  |TS  0|AC  0|TAMS 0x0000000700200000, 0x0000000700200000|
|   3|0x0000000700300000, 0x0000000700400000, 0x0000000700400000|100%|HS|  |TS  0|AC  0|TAMS 0x0000000700300000, 0x0000000700300000|
|   4|0x0000000700400000, 0x00000007004fffe0, 0x0000000700500000| 99%| O|  |TS  0|AC  0|TAMS 0x0000000700400000, 0x0000000700400000|
|   5|0x0000000700500000, 0x00000007005fffb8, 0x0000000700600000| 99%| O|  |TS  0|AC  0|TAMS 0x0000000700500000, 0x0000000700500000|
|   6|0x0000000700600000, 0x00000007006ffff0, 0x0000000700700000| 99%| O|  |TS  0|AC  0|TAMS 0x0000000700600000, 0x0000000700600000|
|   7|0x0000000700700000, 0x00000007007ffff8, 0x0000000700800000| 99%| O|  |TS  0|AC  0|TAMS 0x0000000700700000, 0x0000000700700000|
|   8|0x0000000700800000, 0x00000007008ffff0, 0x0000000700900000| 99%| O|  |TS  0|AC  0|TAMS 0x0000000700800000, 0x0000000700800000|
|   9|0x0000000700900000, 0x00000007009e3fd8, 0x0000000700a00000| 89%| O|  |TS  0|AC  0|TAMS 0x0000000700900000, 0x0000000700900000|
|  10|0x0000000700a00000, 0x0000000700b00000, 0x0000000700b00000|100%| O|  |TS  0|AC  0|TAMS 0x0000000700a00000, 0x0000000700a00000|
|  11|0x0000000700b00000, 0x0000000700bfae50, 0x0000000700c00000| 98%| O|  |TS  0|AC  0|TAMS 0x0000000700b00000, 0x0000000700b00000|
|  12|0x0000000700c00000, 0x0000000700cf40b0, 0x0000000700d00000| 95%| O|  |TS  0|AC  0|TAMS 0x0000000700c00000, 0x0000000700c00000|
|  13|0x0000000700d00000, 0x0000000700dfffd0, 0x0000000700e00000| 99%| O|  |TS  0|AC  0|TAMS 0x0000000700d00000, 0x0000000700d00000|
|  14|0x0000000700e00000, 0x0000000700effff0, 0x0000000700f00000| 99%| O|  |TS  0|AC  0|TAMS 0x0000000700e00000, 0x0000000700e00000|
|  15|0x0000000700f00000, 0x0000000700fffff0, 0x0000000701000000| 99%| O|  |TS  0|AC  0|TAMS 0x0000000700f00000, 0x0000000700f00000|
|  16|0x0000000701000000, 0x00000007010fffe0, 0x0000000701100000| 99%| O|  |TS  0|AC  0|TAMS 0x0000000701000000, 0x0000000701000000|
|  17|0x0000000701100000, 0x00000007011ffff8, 0x0000000701200000| 99%| O|  |TS  0|AC  0|TAMS 0x0000000701100000, 0x0000000701100000|
|  18|0x0000000701200000, 0x00000007012fffe0, 0x0000000701300000| 99%| O|  |TS  0|AC  0|TAMS 0x0000000701200000, 0x0000000701200000|
|  19|0x0000000701300000, 0x00000007013ffff8, 0x0000000701400000| 99%| O|  |TS  0|AC  0|TAMS 0x0000000701300000, 0x0000000701300000|
|  20|0x0000000701400000, 0x00000007014ffff8, 0x0000000701500000| 99%| O|  |TS  0|AC  0|TAMS 0x0000000701400000, 0x0000000701400000|
|  21|0x0000000701500000, 0x00000007015fff18, 0x0000000701600000| 99%| O|  |TS  0|AC  0|TAMS 0x0000000701500000, 0x0000000701500000|
|  22|0x0000000701600000, 0x00000007016fff58, 0x0000000701700000| 99%| O|  |TS  0|AC  0|TAMS 0x0000000701600000, 0x0000000701600000|
|  23|0x0000000701700000, 0x0000000701800000, 0x0000000701800000|100%| O|  |TS  0|AC  0|TAMS 0x0000000701700000, 0x0000000701700000|
|  24|0x0000000701800000, 0x00000007018ffff0, 0x0000000701900000| 99%| O|  |TS  0|AC  0|TAMS 0x0000000701800000, 0x0000000701800000|
|  25|0x0000000701900000, 0x00000007019ffff0, 0x0000000701a00000| 99%| O|  |TS  0|AC  0|TAMS 0x0000000701900000, 0x0000000701900000|
|  26|0x0000000701a00000, 0x0000000701affff8, 0x0000000701b00000| 99%| O|  |TS  0|AC  0|TAMS 0x0000000701a00000, 0x0000000701a00000|
|  27|0x0000000701b00000, 0x0000000701bfffe8, 0x0000000701c00000| 99%| O|  |TS  0|AC  0|TAMS 0x0000000701b00000, 0x0000000701b00000|
|  28|0x0000000701c00000, 0x0000000701cfb6c0, 0x0000000701d00000| 98%| O|  |TS  0|AC  0|TAMS 0x0000000701c00000, 0x0000000701c00000|
|  29|0x0000000701d00000, 0x0000000701dffff8, 0x0000000701e00000| 99%| O|  |TS  0|AC  0|TAMS 0x0000000701d00000, 0x0000000701d00000|
|  30|0x0000000701e00000, 0x0000000701efffe0, 0x0000000701f00000| 99%| O|  |TS  0|AC  0|TAMS 0x0000000701e00000, 0x0000000701e00000|
|  31|0x0000000701f00000, 0x0000000701fffff0, 0x0000000702000000| 99%| O|  |TS  0|AC  0|TAMS 0x0000000701f00000, 0x0000000701f00000|
|  32|0x0000000702000000, 0x00000007020cd6c0, 0x0000000702100000| 80%| O|  |TS  0|AC  0|TAMS 0x0000000702000000, 0x0000000702000000|
|  33|0x0000000702100000, 0x00000007021fff18, 0x0000000702200000| 99%| O|  |TS  0|AC  0|TAMS 0x0000000702100000, 0x0000000702100000|
|  34|0x0000000702200000, 0x00000007022fffe8, 0x0000000702300000| 99%| O|  |TS  0|AC  0|TAMS 0x0000000702200000, 0x0000000702200000|
|  35|0x0000000702300000, 0x00000007023ff9b8, 0x0000000702400000| 99%| O|  |TS  0|AC  0|TAMS 0x0000000702300000, 0x0000000702300000|
|  36|0x0000000702400000, 0x00000007024f8fb0, 0x0000000702500000| 97%| O|  |TS  0|AC  0|TAMS 0x0000000702400000, 0x0000000702400000|
|  37|0x0000000702500000, 0x00000007025fffe8, 0x0000000702600000| 99%| O|  |TS  0|AC  0|TAMS 0x0000000702500000, 0x0000000702500000|
|  38|0x0000000702600000, 0x00000007026ee230, 0x0000000702700000| 93%| O|  |TS  0|AC  0|TAMS 0x0000000702600000, 0x0000000702600000|
|  39|0x0000000702700000, 0x00000007027fdba8, 0x0000000702800000| 99%| O|  |TS  0|AC  0|TAMS 0x0000000702700000, 0x0000000702700000|
|  40|0x0000000702800000, 0x0000000702900000, 0x0000000702900000|100%|HS|  |TS  0|AC  0|TAMS 0x0000000702800000, 0x0000000702800000|
|  41|0x0000000702900000, 0x0000000702a00000, 0x0000000702a00000|100%|HC|  |TS  0|AC  0|TAMS 0x0000000702900000, 0x0000000702900000|
|  42|0x0000000702a00000, 0x0000000702b00000, 0x0000000702b00000|100%|HC|  |TS  0|AC  0|TAMS 0x0000000702a00000, 0x0000000702a00000|
|  43|0x0000000702b00000, 0x0000000702c00000, 0x0000000702c00000|100%|HC|  |TS  0|AC  0|TAMS 0x0000000702b00000, 0x0000000702b00000|
|  44|0x0000000702c00000, 0x0000000702d00000, 0x0000000702d00000|100%|HC|  |TS  0|AC  0|TAMS 0x0000000702c00000, 0x0000000702c00000|
|  45|0x0000000702d00000, 0x0000000702e00000, 0x0000000702e00000|100%|HC|  |TS  0|AC  0|TAMS 0x0000000702d00000, 0x0000000702d00000|
|  46|0x0000000702e00000, 0x0000000702f00000, 0x0000000702f00000|100%|HC|  |TS  0|AC  0|TAMS 0x0000000702e00000, 0x0000000702e00000|
|  47|0x0000000702f00000, 0x0000000703000000, 0x0000000703000000|100%|HC|  |TS  0|AC  0|TAMS 0x0000000702f00000, 0x0000000702f00000|
|  48|0x0000000703000000, 0x0000000703100000, 0x0000000703100000|100%| O|  |TS  0|AC  0|TAMS 0x0000000703000000, 0x0000000703000000|
|  49|0x0000000703100000, 0x00000007031feba8, 0x0000000703200000| 99%| O|  |TS  0|AC  0|TAMS 0x0000000703100000, 0x0000000703100000|
|  50|0x0000000703200000, 0x00000007032fffe8, 0x0000000703300000| 99%| O|  |TS  0|AC  0|TAMS 0x0000000703200000, 0x0000000703200000|
|  51|0x0000000703300000, 0x00000007033ffea8, 0x0000000703400000| 99%| O|  |TS  0|AC  0|TAMS 0x0000000703300000, 0x0000000703300000|
|  52|0x0000000703400000, 0x00000007034fffe0, 0x0000000703500000| 99%| O|  |TS  0|AC  0|TAMS 0x0000000703400000, 0x0000000703400000|
|  53|0x0000000703500000, 0x00000007035ffff8, 0x0000000703600000| 99%| O|  |TS  0|AC  0|TAMS 0x0000000703500000, 0x0000000703500000|
|  54|0x0000000703600000, 0x00000007036ffff8, 0x0000000703700000| 99%| O|  |TS  0|AC  0|TAMS 0x0000000703600000, 0x0000000703600000|
|  55|0x0000000703700000, 0x00000007037ffff8, 0x0000000703800000| 99%| O|  |TS  0|AC  0|TAMS 0x0000000703700000, 0x0000000703700000|
|  56|0x0000000703800000, 0x00000007038ffff8, 0x0000000703900000| 99%| O|  |TS  0|AC  0|TAMS 0x0000000703800000, 0x0000000703800000|
|  57|0x0000000703900000, 0x00000007039cef58, 0x0000000703a00000| 80%| O|  |TS  0|AC  0|TAMS 0x0000000703900000, 0x0000000703900000|
|  58|0x0000000703a00000, 0x0000000703a00000, 0x0000000703b00000|  0%| F|  |TS  0|AC  0|TAMS 0x0000000703a00000, 0x0000000703a00000|
|  59|0x0000000703b00000, 0x0000000703b00000, 0x0000000703c00000|  0%| F|  |TS  0|AC  0|TAMS 0x0000000703b00000, 0x0000000703b00000|
|  60|0x0000000703c00000, 0x0000000703c00000, 0x0000000703d00000|  0%| F|  |TS  0|AC  0|TAMS 0x0000000703c00000, 0x0000000703c00000|
|  61|0x0000000703d00000, 0x0000000703d00000, 0x0000000703e00000|  0%| F|  |TS  0|AC  0|TAMS 0x0000000703d00000, 0x0000000703d00000|
|  62|0x0000000703e00000, 0x0000000703f00000, 0x0000000703f00000|100%|HS|  |TS  0|AC  0|TAMS 0x0000000703e00000, 0x0000000703e00000|
|  63|0x0000000703f00000, 0x0000000704000000, 0x0000000704000000|100%|HC|  |TS  0|AC  0|TAMS 0x0000000703f00000, 0x0000000703f00000|
|  64|0x0000000704000000, 0x0000000704100000, 0x0000000704100000|100%|HC|  |TS  0|AC  0|TAMS 0x0000000704000000, 0x0000000704000000|
|  65|0x0000000704100000, 0x0000000704200000, 0x0000000704200000|100%|HC|  |TS  0|AC  0|TAMS 0x0000000704100000, 0x0000000704100000|
|  66|0x0000000704200000, 0x0000000704200000, 0x0000000704300000|  0%| F|  |TS  0|AC  0|TAMS 0x0000000704200000, 0x0000000704200000|
|  67|0x0000000704300000, 0x0000000704300000, 0x0000000704400000|  0%| F|  |TS  0|AC  0|TAMS 0x0000000704300000, 0x0000000704300000|
|  68|0x0000000704400000, 0x0000000704400000, 0x0000000704500000|  0%| F|  |TS  0|AC  0|TAMS 0x0000000704400000, 0x0000000704400000|
|  69|0x0000000704500000, 0x0000000704500000, 0x0000000704600000|  0%| F|  |TS  0|AC  0|TAMS 0x0000000704500000, 0x0000000704500000|
|  70|0x0000000704600000, 0x0000000704600000, 0x0000000704700000|  0%| F|  |TS  0|AC  0|TAMS 0x0000000704600000, 0x0000000704600000|
|  71|0x0000000704700000, 0x0000000704700000, 0x0000000704800000|  0%| F|  |TS  0|AC  0|TAMS 0x0000000704700000, 0x0000000704700000|
|  72|0x0000000704800000, 0x0000000704800000, 0x0000000704900000|  0%| F|  |TS  0|AC  0|TAMS 0x0000000704800000, 0x0000000704800000|
|  73|0x0000000704900000, 0x0000000704900000, 0x0000000704a00000|  0%| F|  |TS  0|AC  0|TAMS 0x0000000704900000, 0x0000000704900000|
|  74|0x0000000704a00000, 0x0000000704a00000, 0x0000000704b00000|  0%| F|  |TS  0|AC  0|TAMS 0x0000000704a00000, 0x0000000704a00000|
|  75|0x0000000704b00000, 0x0000000704b00000, 0x0000000704c00000|  0%| F|  |TS  0|AC  0|TAMS 0x0000000704b00000, 0x0000000704b00000|
|  76|0x0000000704c00000, 0x0000000704c00000, 0x0000000704d00000|  0%| F|  |TS  0|AC  0|TAMS 0x0000000704c00000, 0x0000000704c00000|
|  77|0x0000000704d00000, 0x0000000704d00000, 0x0000000704e00000|  0%| F|  |TS  0|AC  0|TAMS 0x0000000704d00000, 0x0000000704d00000|
|  78|0x0000000704e00000, 0x0000000704e00000, 0x0000000704f00000|  0%| F|  |TS  0|AC  0|TAMS 0x0000000704e00000, 0x0000000704e00000|
|  79|0x0000000704f00000, 0x0000000704f00000, 0x0000000705000000|  0%| F|  |TS  0|AC  0|TAMS 0x0000000704f00000, 0x0000000704f00000|
|  80|0x0000000705000000, 0x0000000705000000, 0x0000000705100000|  0%| F|  |TS  0|AC  0|TAMS 0x0000000705000000, 0x0000000705000000|
|  81|0x0000000705100000, 0x0000000705100000, 0x0000000705200000|  0%| F|  |TS  0|AC  0|TAMS 0x0000000705100000, 0x0000000705100000|
|  82|0x0000000705200000, 0x0000000705200000, 0x0000000705300000|  0%| F|  |TS  0|AC  0|TAMS 0x0000000705200000, 0x0000000705200000|
|  83|0x0000000705300000, 0x0000000705300000, 0x0000000705400000|  0%| F|  |TS  0|AC  0|TAMS 0x0000000705300000, 0x0000000705300000|
|  84|0x0000000705400000, 0x0000000705400000, 0x0000000705500000|  0%| F|  |TS  0|AC  0|TAMS 0x0000000705400000, 0x0000000705400000|
|  85|0x0000000705500000, 0x0000000705500000, 0x0000000705600000|  0%| F|  |TS  0|AC  0|TAMS 0x0000000705500000, 0x0000000705500000|
|  86|0x0000000705600000, 0x0000000705600000, 0x0000000705700000|  0%| F|  |TS  0|AC  0|TAMS 0x0000000705600000, 0x0000000705600000|
|  87|0x0000000705700000, 0x0000000705700000, 0x0000000705800000|  0%| F|  |TS  0|AC  0|TAMS 0x0000000705700000, 0x0000000705700000|
|  88|0x0000000705800000, 0x0000000705800000, 0x0000000705900000|  0%| F|  |TS  0|AC  0|TAMS 0x0000000705800000, 0x0000000705800000|
|  89|0x0000000705900000, 0x0000000705900000, 0x0000000705a00000|  0%| F|  |TS  0|AC  0|TAMS 0x0000000705900000, 0x0000000705900000|
|  90|0x0000000705a00000, 0x0000000705a00000, 0x0000000705b00000|  0%| F|  |TS  0|AC  0|TAMS 0x0000000705a00000, 0x0000000705a00000|
|  91|0x0000000705b00000, 0x0000000705b00000, 0x0000000705c00000|  0%| F|  |TS  0|AC  0|TAMS 0x0000000705b00000, 0x0000000705b00000|
|  92|0x0000000705c00000, 0x0000000705c00000, 0x0000000705d00000|  0%| F|  |TS  0|AC  0|TAMS 0x0000000705c00000, 0x0000000705c00000|
|  93|0x0000000705d00000, 0x0000000705d00000, 0x0000000705e00000|  0%| F|  |TS  0|AC  0|TAMS 0x0000000705d00000, 0x0000000705d00000|
|  94|0x0000000705e00000, 0x0000000705e00000, 0x0000000705f00000|  0%| F|  |TS  0|AC  0|TAMS 0x0000000705e00000, 0x0000000705e00000|
|  95|0x0000000705f00000, 0x0000000705f00000, 0x0000000706000000|  0%| F|  |TS  0|AC  0|TAMS 0x0000000705f00000, 0x0000000705f00000|
|  96|0x0000000706000000, 0x0000000706000000, 0x0000000706100000|  0%| F|  |TS  0|AC  0|TAMS 0x0000000706000000, 0x0000000706000000|
|  97|0x0000000706100000, 0x0000000706100000, 0x0000000706200000|  0%| F|  |TS  0|AC  0|TAMS 0x0000000706100000, 0x0000000706100000|
|  98|0x0000000706200000, 0x0000000706200000, 0x0000000706300000|  0%| F|  |TS  0|AC  0|TAMS 0x0000000706200000, 0x0000000706200000|
|  99|0x0000000706300000, 0x0000000706300000, 0x0000000706400000|  0%| F|  |TS  0|AC  0|TAMS 0x0000000706300000, 0x0000000706300000|
| 100|0x0000000706400000, 0x0000000706400000, 0x0000000706500000|  0%| F|  |TS  0|AC  0|TAMS 0x0000000706400000, 0x0000000706400000|
| 101|0x0000000706500000, 0x0000000706500000, 0x0000000706600000|  0%| F|  |TS  0|AC  0|TAMS 0x0000000706500000, 0x0000000706500000|
| 102|0x0000000706600000, 0x0000000706600000, 0x0000000706700000|  0%| F|  |TS  0|AC  0|TAMS 0x0000000706600000, 0x0000000706600000|
| 103|0x0000000706700000, 0x0000000706700000, 0x0000000706800000|  0%| F|  |TS  0|AC  0|TAMS 0x0000000706700000, 0x0000000706700000|
| 104|0x0000000706800000, 0x0000000706800000, 0x0000000706900000|  0%| F|  |TS  0|AC  0|TAMS 0x0000000706800000, 0x0000000706800000|
| 105|0x0000000706900000, 0x0000000706900000, 0x0000000706a00000|  0%| F|  |TS  0|AC  0|TAMS 0x0000000706900000, 0x0000000706900000|
| 106|0x0000000706a00000, 0x0000000706a00000, 0x0000000706b00000|  0%| F|  |TS  0|AC  0|TAMS 0x0000000706a00000, 0x0000000706a00000|
| 107|0x0000000706b00000, 0x0000000706b00000, 0x0000000706c00000|  0%| F|  |TS  0|AC  0|TAMS 0x0000000706b00000, 0x0000000706b00000|
| 108|0x0000000706c00000, 0x0000000706c00000, 0x0000000706d00000|  0%| F|  |TS  0|AC  0|TAMS 0x0000000706c00000, 0x0000000706c00000|
| 109|0x0000000706d00000, 0x0000000706d00000, 0x0000000706e00000|  0%| F|  |TS 13|AC  0|TAMS 0x0000000706d00000, 0x0000000706d00000|
| 110|0x0000000706e00000, 0x0000000706eca2d8, 0x0000000706f00000| 78%| S|CS|TS 19|AC  0|TAMS 0x0000000706e00000, 0x0000000706e00000|
| 111|0x0000000706f00000, 0x0000000706f00000, 0x0000000707000000|  0%| F|  |TS 19|AC  0|TAMS 0x0000000706f00000, 0x0000000706f00000|
| 112|0x0000000707000000, 0x0000000707000000, 0x0000000707100000|  0%| F|  |TS 19|AC  0|TAMS 0x0000000707000000, 0x0000000707000000|
| 113|0x0000000707100000, 0x0000000707100000, 0x0000000707200000|  0%| F|  |TS 19|AC  0|TAMS 0x0000000707100000, 0x0000000707100000|
| 114|0x0000000707200000, 0x0000000707200000, 0x0000000707300000|  0%| F|  |TS 19|AC  0|TAMS 0x0000000707200000, 0x0000000707200000|
| 115|0x0000000707300000, 0x0000000707300000, 0x0000000707400000|  0%| F|  |TS 19|AC  0|TAMS 0x0000000707300000, 0x0000000707300000|
| 116|0x0000000707400000, 0x0000000707400000, 0x0000000707500000|  0%| F|  |TS 19|AC  0|TAMS 0x0000000707400000, 0x0000000707400000|
| 117|0x0000000707500000, 0x0000000707500000, 0x0000000707600000|  0%| F|  |TS 19|AC  0|TAMS 0x0000000707500000, 0x0000000707500000|
| 118|0x0000000707600000, 0x0000000707600000, 0x0000000707700000|  0%| F|  |TS 19|AC  0|TAMS 0x0000000707600000, 0x0000000707600000|
| 119|0x0000000707700000, 0x0000000707700000, 0x0000000707800000|  0%| F|  |TS 19|AC  0|TAMS 0x0000000707700000, 0x0000000707700000|
| 120|0x0000000707800000, 0x0000000707800000, 0x0000000707900000|  0%| F|  |TS 19|AC  0|TAMS 0x0000000707800000, 0x0000000707800000|
| 121|0x0000000707900000, 0x0000000707900000, 0x0000000707a00000|  0%| F|  |TS 19|AC  0|TAMS 0x0000000707900000, 0x0000000707900000|
| 122|0x0000000707a00000, 0x0000000707a00000, 0x0000000707b00000|  0%| F|  |TS 19|AC  0|TAMS 0x0000000707a00000, 0x0000000707a00000|
| 123|0x0000000707b00000, 0x0000000707b00000, 0x0000000707c00000|  0%| F|  |TS 19|AC  0|TAMS 0x0000000707b00000, 0x0000000707b00000|
| 124|0x0000000707c00000, 0x0000000707c00000, 0x0000000707d00000|  0%| F|  |TS 19|AC  0|TAMS 0x0000000707c00000, 0x0000000707c00000|
| 125|0x0000000707d00000, 0x0000000707d00000, 0x0000000707e00000|  0%| F|  |TS 19|AC  0|TAMS 0x0000000707d00000, 0x0000000707d00000|
| 126|0x0000000707e00000, 0x0000000707e00000, 0x0000000707f00000|  0%| F|  |TS 19|AC  0|TAMS 0x0000000707e00000, 0x0000000707e00000|
| 127|0x0000000707f00000, 0x0000000707f00000, 0x0000000708000000|  0%| F|  |TS 19|AC  0|TAMS 0x0000000707f00000, 0x0000000707f00000|
| 128|0x0000000708000000, 0x0000000708000000, 0x0000000708100000|  0%| F|  |TS 19|AC  0|TAMS 0x0000000708000000, 0x0000000708000000|
| 129|0x0000000708100000, 0x0000000708100000, 0x0000000708200000|  0%| F|  |TS 19|AC  0|TAMS 0x0000000708100000, 0x0000000708100000|
| 130|0x0000000708200000, 0x0000000708200000, 0x0000000708300000|  0%| F|  |TS 19|AC  0|TAMS 0x0000000708200000, 0x0000000708200000|
| 131|0x0000000708300000, 0x0000000708300000, 0x0000000708400000|  0%| F|  |TS 19|AC  0|TAMS 0x0000000708300000, 0x0000000708300000|
| 132|0x0000000708400000, 0x0000000708400000, 0x0000000708500000|  0%| F|  |TS 19|AC  0|TAMS 0x0000000708400000, 0x0000000708400000|
| 133|0x0000000708500000, 0x0000000708500000, 0x0000000708600000|  0%| F|  |TS 19|AC  0|TAMS 0x0000000708500000, 0x0000000708500000|
| 134|0x0000000708600000, 0x0000000708600000, 0x0000000708700000|  0%| F|  |TS 19|AC  0|TAMS 0x0000000708600000, 0x0000000708600000|
| 135|0x0000000708700000, 0x0000000708700000, 0x0000000708800000|  0%| F|  |TS 19|AC  0|TAMS 0x0000000708700000, 0x0000000708700000|
| 136|0x0000000708800000, 0x000000070888a1a8, 0x0000000708900000| 53%| E|  |TS 19|AC  0|TAMS 0x0000000708800000, 0x0000000708800000|
| 137|0x0000000708900000, 0x0000000708a00000, 0x0000000708a00000|100%| E|CS|TS 19|AC  0|TAMS 0x0000000708900000, 0x0000000708900000|
| 138|0x0000000708a00000, 0x0000000708b00000, 0x0000000708b00000|100%| E|CS|TS 19|AC  0|TAMS 0x0000000708a00000, 0x0000000708a00000|
| 139|0x0000000708b00000, 0x0000000708c00000, 0x0000000708c00000|100%| E|CS|TS 19|AC  0|TAMS 0x0000000708b00000, 0x0000000708b00000|
| 140|0x0000000708c00000, 0x0000000708d00000, 0x0000000708d00000|100%| E|CS|TS 19|AC  0|TAMS 0x0000000708c00000, 0x0000000708c00000|
| 141|0x0000000708d00000, 0x0000000708e00000, 0x0000000708e00000|100%| E|CS|TS 19|AC  0|TAMS 0x0000000708d00000, 0x0000000708d00000|
| 142|0x0000000708e00000, 0x0000000708f00000, 0x0000000708f00000|100%| E|CS|TS 19|AC  0|TAMS 0x0000000708e00000, 0x0000000708e00000|
| 143|0x0000000708f00000, 0x0000000709000000, 0x0000000709000000|100%| E|CS|TS 19|AC  0|TAMS 0x0000000708f00000, 0x0000000708f00000|
| 144|0x0000000709000000, 0x0000000709100000, 0x0000000709100000|100%| E|CS|TS 19|AC  0|TAMS 0x0000000709000000, 0x0000000709000000|
| 145|0x0000000709100000, 0x0000000709200000, 0x0000000709200000|100%| E|CS|TS 19|AC  0|TAMS 0x0000000709100000, 0x0000000709100000|
| 146|0x0000000709200000, 0x0000000709300000, 0x0000000709300000|100%| E|CS|TS 19|AC  0|TAMS 0x0000000709200000, 0x0000000709200000|
| 147|0x0000000709300000, 0x0000000709400000, 0x0000000709400000|100%| E|CS|TS 19|AC  0|TAMS 0x0000000709300000, 0x0000000709300000|
| 148|0x0000000709400000, 0x0000000709500000, 0x0000000709500000|100%| E|CS|TS 19|AC  0|TAMS 0x0000000709400000, 0x0000000709400000|
| 149|0x0000000709500000, 0x0000000709600000, 0x0000000709600000|100%| E|CS|TS 19|AC  0|TAMS 0x0000000709500000, 0x0000000709500000|
| 150|0x0000000709600000, 0x0000000709700000, 0x0000000709700000|100%| E|CS|TS 19|AC  0|TAMS 0x0000000709600000, 0x0000000709600000|
| 151|0x0000000709700000, 0x0000000709800000, 0x0000000709800000|100%| E|CS|TS 19|AC  0|TAMS 0x0000000709700000, 0x0000000709700000|
| 152|0x0000000709800000, 0x0000000709900000, 0x0000000709900000|100%| E|CS|TS 19|AC  0|TAMS 0x0000000709800000, 0x0000000709800000|
| 153|0x0000000709900000, 0x0000000709a00000, 0x0000000709a00000|100%| E|CS|TS 19|AC  0|TAMS 0x0000000709900000, 0x0000000709900000|
| 154|0x0000000709a00000, 0x0000000709b00000, 0x0000000709b00000|100%| E|CS|TS 19|AC  0|TAMS 0x0000000709a00000, 0x0000000709a00000|
| 155|0x0000000709b00000, 0x0000000709c00000, 0x0000000709c00000|100%| E|CS|TS 19|AC  0|TAMS 0x0000000709b00000, 0x0000000709b00000|
| 156|0x0000000709c00000, 0x0000000709d00000, 0x0000000709d00000|100%| E|CS|TS 19|AC  0|TAMS 0x0000000709c00000, 0x0000000709c00000|
| 157|0x0000000709d00000, 0x0000000709e00000, 0x0000000709e00000|100%| E|CS|TS 19|AC  0|TAMS 0x0000000709d00000, 0x0000000709d00000|
| 158|0x0000000709e00000, 0x0000000709f00000, 0x0000000709f00000|100%| E|CS|TS 19|AC  0|TAMS 0x0000000709e00000, 0x0000000709e00000|
| 159|0x0000000709f00000, 0x000000070a000000, 0x000000070a000000|100%| E|CS|TS 19|AC  0|TAMS 0x0000000709f00000, 0x0000000709f00000|
| 160|0x000000070a000000, 0x000000070a100000, 0x000000070a100000|100%| E|CS|TS 19|AC  0|TAMS 0x000000070a000000, 0x000000070a000000|
| 161|0x000000070a100000, 0x000000070a200000, 0x000000070a200000|100%| E|CS|TS 19|AC  0|TAMS 0x000000070a100000, 0x000000070a100000|
| 162|0x000000070a200000, 0x000000070a300000, 0x000000070a300000|100%| E|CS|TS 19|AC  0|TAMS 0x000000070a200000, 0x000000070a200000|
| 163|0x000000070a300000, 0x000000070a400000, 0x000000070a400000|100%| E|CS|TS 19|AC  0|TAMS 0x000000070a300000, 0x000000070a300000|
| 164|0x000000070a400000, 0x000000070a500000, 0x000000070a500000|100%| E|CS|TS 19|AC  0|TAMS 0x000000070a400000, 0x000000070a400000|
| 165|0x000000070a500000, 0x000000070a600000, 0x000000070a600000|100%| E|CS|TS 19|AC  0|TAMS 0x000000070a500000, 0x000000070a500000|
| 166|0x000000070a600000, 0x000000070a700000, 0x000000070a700000|100%| E|CS|TS 19|AC  0|TAMS 0x000000070a600000, 0x000000070a600000|
| 167|0x000000070a700000, 0x000000070a800000, 0x000000070a800000|100%| E|CS|TS 19|AC  0|TAMS 0x000000070a700000, 0x000000070a700000|
| 168|0x000000070a800000, 0x000000070a900000, 0x000000070a900000|100%| E|CS|TS 19|AC  0|TAMS 0x000000070a800000, 0x000000070a800000|
| 169|0x000000070a900000, 0x000000070aa00000, 0x000000070aa00000|100%| E|CS|TS 19|AC  0|TAMS 0x000000070a900000, 0x000000070a900000|
| 170|0x000000070aa00000, 0x000000070ab00000, 0x000000070ab00000|100%| E|CS|TS 19|AC  0|TAMS 0x000000070aa00000, 0x000000070aa00000|

Card table byte_map: [0x00000203a8ef0000,0x00000203a94f0000] byte_map_base: 0x00000203a56f0000

Marking Bits (Prev, Next): (CMBitMap*) 0x000002038fa50970, (CMBitMap*) 0x000002038fa509a8
 Prev Bits: [0x00000203a9af0000, 0x00000203acaf0000)
 Next Bits: [0x00000203acaf0000, 0x00000203afaf0000)

Polling page: 0x0000020388050000

CodeHeap 'non-profiled nmethods': size=120000Kb used=19971Kb max_used=19971Kb free=100028Kb
 bounds [0x00000203a0420000, 0x00000203a17b0000, 0x00000203a7950000]
CodeHeap 'profiled nmethods': size=120000Kb used=43380Kb max_used=43380Kb free=76619Kb
 bounds [0x0000020398ef0000, 0x000002039b990000, 0x00000203a0420000]
CodeHeap 'non-nmethods': size=5760Kb used=1774Kb max_used=1811Kb free=3985Kb
 bounds [0x0000020398950000, 0x0000020398bc0000, 0x0000020398ef0000]
 total_blobs=30174 nmethods=17050 adapters=1094
 compilation: enabled

Compilation events (10 events):
Event: 861.367 Thread 0x000002038fcae000 20810   !   4       javax.swing.RepaintManager::paintDirtyRegions (196 bytes)
Event: 861.433 Thread 0x000002038fcae000 nmethod 20810 0x00000203a179cb90 code [0x00000203a179cea0, 0x00000203a179f5e0]
Event: 861.623 Thread 0x000002038fcaf000 20811       3       ui.views.d.p::propertyChange (57 bytes)
Event: 861.624 Thread 0x000002038fcaf000 nmethod 20811 0x000002039b97f610 code [0x000002039b97f820, 0x000002039b980060]
Event: 861.726 Thread 0x000002038fcaf000 20812       1       ui.views.c.s.b.a::a (5 bytes)
Event: 861.726 Thread 0x000002038fcaf000 nmethod 20812 0x00000203a17a0e10 code [0x00000203a17a0fc0, 0x00000203a17a10b8]
Event: 862.011 Thread 0x000002038fcaf000 20813       3       java.awt.ModalEventFilter$ApplicationModalEventFilter::acceptWindow (57 bytes)
Event: 862.012 Thread 0x000002038fcaf000 nmethod 20813 0x000002039b980210 code [0x000002039b980400, 0x000002039b980a90]
Event: 862.301 Thread 0x000002038f6ce800 20814       4       de.javasoft.plaf.synthetica.styles.InternalFrameTitlePaneStyle::getStyle (33 bytes)
Event: 862.303 Thread 0x000002038f6ce800 nmethod 20814 0x00000203a17a1190 code [0x00000203a17a1340, 0x00000203a17a15e8]

GC Heap History (10 events):
Event: 828.833 GC heap before
{Heap before GC invocations=240 (full 98):
 garbage-first heap   total 175104K, used 123971K [0x0000000700000000, 0x0000000700100558, 0x00000007c0000000)
  region size 1024K, 60 young (61440K), 1 survivors (1024K)
 Metaspace       used 80316K, capacity 86692K, committed 86832K, reserved 1124352K
  class space    used 10905K, capacity 11994K, committed 12080K, reserved 1048576K
}
Event: 828.835 GC heap after
{Heap after GC invocations=241 (full 98):
 garbage-first heap   total 175104K, used 63997K [0x0000000700000000, 0x0000000700100558, 0x00000007c0000000)
  region size 1024K, 2 young (2048K), 2 survivors (2048K)
 Metaspace       used 80316K, capacity 86692K, committed 86832K, reserved 1124352K
  class space    used 10905K, capacity 11994K, committed 12080K, reserved 1048576K
}
Event: 830.790 GC heap before
{Heap before GC invocations=241 (full 98):
 garbage-first heap   total 175104K, used 123389K [0x0000000700000000, 0x0000000700100558, 0x00000007c0000000)
  region size 1024K, 60 young (61440K), 2 survivors (2048K)
 Metaspace       used 80319K, capacity 86692K, committed 86832K, reserved 1124352K
  class space    used 10905K, capacity 11994K, committed 12080K, reserved 1048576K
}
Event: 830.792 GC heap after
{Heap after GC invocations=242 (full 98):
 garbage-first heap   total 175104K, used 63651K [0x0000000700000000, 0x0000000700100558, 0x00000007c0000000)
  region size 1024K, 1 young (1024K), 1 survivors (1024K)
 Metaspace       used 80319K, capacity 86692K, committed 86832K, reserved 1124352K
  class space    used 10905K, capacity 11994K, committed 12080K, reserved 1048576K
}
Event: 836.762 GC heap before
{Heap before GC invocations=242 (full 98):
 garbage-first heap   total 175104K, used 124067K [0x0000000700000000, 0x0000000700100558, 0x00000007c0000000)
  region size 1024K, 60 young (61440K), 1 survivors (1024K)
 Metaspace       used 80346K, capacity 86692K, committed 86832K, reserved 1124352K
  class space    used 10905K, capacity 11994K, committed 12080K, reserved 1048576K
}
Event: 836.764 GC heap after
{Heap after GC invocations=243 (full 98):
 garbage-first heap   total 175104K, used 63673K [0x0000000700000000, 0x0000000700100558, 0x00000007c0000000)
  region size 1024K, 1 young (1024K), 1 survivors (1024K)
 Metaspace       used 80346K, capacity 86692K, committed 86832K, reserved 1124352K
  class space    used 10905K, capacity 11994K, committed 12080K, reserved 1048576K
}
Event: 838.752 GC heap before
{Heap before GC invocations=243 (full 98):
 garbage-first heap   total 175104K, used 124089K [0x0000000700000000, 0x0000000700100558, 0x00000007c0000000)
  region size 1024K, 60 young (61440K), 1 survivors (1024K)
 Metaspace       used 80348K, capacity 86692K, committed 86832K, reserved 1124352K
  class space    used 10905K, capacity 11994K, committed 12080K, reserved 1048576K
}
Event: 838.754 GC heap after
{Heap after GC invocations=244 (full 98):
 garbage-first heap   total 175104K, used 63713K [0x0000000700000000, 0x0000000700100558, 0x00000007c0000000)
  region size 1024K, 1 young (1024K), 1 survivors (1024K)
 Metaspace       used 80348K, capacity 86692K, committed 86832K, reserved 1124352K
  class space    used 10905K, capacity 11994K, committed 12080K, reserved 1048576K
}
Event: 860.030 GC heap before
{Heap before GC invocations=244 (full 98):
 garbage-first heap   total 175104K, used 124129K [0x0000000700000000, 0x0000000700100558, 0x00000007c0000000)
  region size 1024K, 60 young (61440K), 1 survivors (1024K)
 Metaspace       used 80390K, capacity 86756K, committed 87088K, reserved 1124352K
  class space    used 10905K, capacity 11994K, committed 12080K, reserved 1048576K
}
Event: 860.032 GC heap after
{Heap after GC invocations=245 (full 98):
 garbage-first heap   total 175104K, used 63582K [0x0000000700000000, 0x0000000700100558, 0x00000007c0000000)
  region size 1024K, 1 young (1024K), 1 survivors (1024K)
 Metaspace       used 80390K, capacity 86756K, committed 87088K, reserved 1124352K
  class space    used 10905K, capacity 11994K, committed 12080K, reserved 1048576K
}

Deoptimization events (10 events):
Event: 521.261 Thread 0x00000203b517a000 Uncommon trap: reason=bimorphic_or_optimized_type_check action=maybe_recompile pc=0x00000203a1200994 method=ui.frmwork.a.dTq()Z @ 14 c2
Event: 521.261 Thread 0x00000203b517a000 Uncommon trap: reason=bimorphic_or_optimized_type_check action=maybe_recompile pc=0x00000203a1200994 method=ui.frmwork.a.dTq()Z @ 14 c2
Event: 521.261 Thread 0x00000203b517a000 Uncommon trap: reason=bimorphic_or_optimized_type_check action=maybe_recompile pc=0x00000203a1200994 method=ui.frmwork.a.dTq()Z @ 14 c2
Event: 521.261 Thread 0x00000203b517a000 Uncommon trap: reason=bimorphic_or_optimized_type_check action=maybe_recompile pc=0x00000203a12d2ac0 method=ui.frmwork.a.dTq()Z @ 14 c2
Event: 548.214 Thread 0x00000203b517a000 Uncommon trap: reason=class_check action=maybe_recompile pc=0x00000203a1336c80 method=sun.java2d.pipe.SpanShapeRenderer.fill(Lsun/java2d/SunGraphics2D;Ljava/awt/Shape;)V @ 1 c2
Event: 672.011 Thread 0x00000203b517a000 Uncommon trap: reason=class_check action=maybe_recompile pc=0x00000203a1336c80 method=sun.java2d.pipe.SpanShapeRenderer.fill(Lsun/java2d/SunGraphics2D;Ljava/awt/Shape;)V @ 1 c2
Event: 838.894 Thread 0x00000203b517a000 Uncommon trap: reason=class_check action=maybe_recompile pc=0x00000203a05ea0e0 method=java.util.HashMap.removeNode(ILjava/lang/Object;Ljava/lang/Object;ZZ)Ljava/util/HashMap$Node; @ 143 c2
Event: 861.339 Thread 0x00000203b517a000 Uncommon trap: reason=class_check action=maybe_recompile pc=0x00000203a1500618 method=javax.swing.RepaintManager.scheduleHeavyWeightPaints()V @ 72 c2
Event: 861.339 Thread 0x00000203b517a000 Uncommon trap: reason=bimorphic_or_optimized_type_check action=maybe_recompile pc=0x00000203a14c2ae4 method=javax.swing.RepaintManager$4.run()Ljava/lang/Void; @ 91 c2
Event: 861.340 Thread 0x00000203b517a000 Uncommon trap: reason=class_check action=maybe_recompile pc=0x00000203a14bc35c method=javax.swing.RepaintManager.updateWindows(Ljava/util/Map;)V @ 79 c2

Classes redefined (0 events):
No events

Internal exceptions (10 events):
Event: 235.358 Thread 0x00000203b517a000 Implicit null exception at 0x00000203a152268f to 0x00000203a1522ac0
Event: 364.580 Thread 0x00000203b517a000 Exception <a 'java/lang/NoSuchMethodError'{0x0000000708fb9c10}: java.lang.invoke.DirectMethodHandle$Holder.invokeSpecial(Ljava/lang/Object;Ljava/lang/Object;ILjava/lang/Object;)V> (0x0000000708fb9c10) thrown at [t:/workspace/hotspot/src/share/vm/interpret
Event: 364.580 Thread 0x00000203b517a000 Exception <a 'java/lang/NoSuchMethodError'{0x0000000708fbf538}: java.lang.invoke.DirectMethodHandle$Holder.invokeStatic(Ljava/lang/Object;Ljava/lang/Object;ILjava/lang/Object;)Ljava/lang/Object;> (0x0000000708fbf538) thrown at [t:/workspace/hotspot/src/sh
Event: 675.551 Thread 0x00000203b517a000 Exception <a 'java/lang/NoSuchMethodError'{0x000000070a2abc88}: java.lang.invoke.DirectMethodHandle$Holder.invokeSpecial(Ljava/lang/Object;Ljava/lang/Object;Ljava/lang/Object;IILjava/lang/Object;Ljava/lang/Object;Ljava/lang/Object;Ljava/lang/Object;Ljava/
Event: 675.551 Thread 0x00000203b517a000 Exception <a 'java/lang/NoSuchMethodError'{0x000000070a2b0458}: java.lang.invoke.DelegatingMethodHandle$Holder.reinvoke_L(Ljava/lang/Object;Ljava/lang/Object;IILjava/lang/Object;Ljava/lang/Object;Ljava/lang/Object;Ljava/lang/Object;Ljava/lang/Object;Ljava
Event: 675.552 Thread 0x00000203b517a000 Exception <a 'java/lang/NoSuchMethodError'{0x000000070a120730}: java.lang.invoke.DirectMethodHandle$Holder.invokeSpecial(Ljava/lang/Object;Ljava/lang/Object;IIILjava/lang/Object;Ljava/lang/Object;Ljava/lang/Object;Ljava/lang/Object;Ljava/lang/Object;Ljava
Event: 675.552 Thread 0x00000203b517a000 Exception <a 'java/lang/NoSuchMethodError'{0x000000070a1247a0}: java.lang.invoke.DelegatingMethodHandle$Holder.reinvoke_L(Ljava/lang/Object;IIILjava/lang/Object;Ljava/lang/Object;Ljava/lang/Object;Ljava/lang/Object;Ljava/lang/Object;Ljava/lang/Object;)Lja
Event: 675.553 Thread 0x00000203b517a000 Exception <a 'java/lang/NoSuchMethodError'{0x000000070a154260}: java.lang.invoke.DirectMethodHandle$Holder.invokeStatic(Ljava/lang/Object;Ljava/lang/Object;Ljava/lang/Object;Ljava/lang/Object;Ljava/lang/Object;IILjava/lang/Object;Ljava/lang/Object;Ljava/l
Event: 675.554 Thread 0x00000203b517a000 Exception <a 'java/lang/NoSuchMethodError'{0x000000070a1712d0}: method resolution failed> (0x000000070a1712d0) thrown at [t:/workspace/hotspot/src/share/vm/prims/methodHandles.cpp, line 1256]
Event: 675.554 Thread 0x00000203b517a000 Exception <a 'java/lang/NoSuchMethodError'{0x000000070a18fc90}: method resolution failed> (0x000000070a18fc90) thrown at [t:/workspace/hotspot/src/share/vm/prims/methodHandles.cpp, line 1256]

Events (10 events):
Event: 861.339 Thread 0x00000203b517a000 DEOPT PACKING pc=0x00000203a1500618 sp=0x0000006a0d7f7cb0
Event: 861.339 Thread 0x00000203b517a000 DEOPT UNPACKING pc=0x000002039899df29 sp=0x0000006a0d7f7c88 mode 2
Event: 861.339 Thread 0x00000203b517a000 Uncommon trap: trap_request=0xffffffc6 fr.pc=0x00000203a14c2ae4 relative=0x00000000000007a4
Event: 861.339 Thread 0x00000203b517a000 DEOPT PACKING pc=0x00000203a14c2ae4 sp=0x0000006a0d7f6270
Event: 861.339 Thread 0x00000203b517a000 DEOPT UNPACKING pc=0x000002039899df29 sp=0x0000006a0d7f61c8 mode 2
Event: 861.340 Thread 0x00000203b517a000 Uncommon trap: trap_request=0xffffffde fr.pc=0x00000203a14bc35c relative=0x000000000000253c
Event: 861.340 Thread 0x00000203b517a000 DEOPT PACKING pc=0x00000203a14bc35c sp=0x0000006a0d7f7b80
Event: 861.340 Thread 0x00000203b517a000 DEOPT UNPACKING pc=0x000002039899df29 sp=0x0000006a0d7f7ac8 mode 2
Event: 861.747 Thread 0x00000203c6999000 Thread added: 0x00000203c6999000
Event: 861.749 Thread 0x00000203c6999000 Thread exited: 0x00000203c6999000


Dynamic libraries:
0x00007ff6cef80000 - 0x00007ff6cefb0000 	C:\Xilinx\Vivado\2018.3\bin\unwrapped\win64.o\vivado.exe
0x00007fffbec10000 - 0x00007fffbedfd000 	C:\WINDOWS\SYSTEM32\ntdll.dll
0x00007fffbe4a0000 - 0x00007fffbe553000 	C:\WINDOWS\System32\KERNEL32.DLL
0x00007fffbaf70000 - 0x00007fffbb205000 	C:\WINDOWS\System32\KERNELBASE.dll
0x00007fffbbd10000 - 0x00007fffbbe0a000 	C:\WINDOWS\System32\ucrtbase.dll
0x00007fff98910000 - 0x00007fff989ab000 	C:\WINDOWS\SYSTEM32\MSVCP140.dll
0x00007fffac980000 - 0x00007fffac995000 	C:\WINDOWS\SYSTEM32\VCRUNTIME140.dll
0x00007fffb4c00000 - 0x00007fffb4c14000 	C:\Xilinx\Vivado\2018.3\lib\win64.o\librdi_commonmain.dll
0x00007fffb5970000 - 0x00007fffb5984000 	C:\Xilinx\Vivado\2018.3\lib\win64.o\libboost_signals.dll
0x00007fff52fc0000 - 0x00007fff53e54000 	C:\Xilinx\Vivado\2018.3\lib\win64.o\librdi_common.dll
0x00007fffb71b0000 - 0x00007fffb71ba000 	C:\Xilinx\Vivado\2018.3\lib\win64.o\librdi_commonversion.dll
0x00007fffacc40000 - 0x00007fffacc66000 	C:\Xilinx\Vivado\2018.3\lib\win64.o\libboost_filesystem.dll
0x00007fffbc7a0000 - 0x00007fffbc843000 	C:\WINDOWS\System32\ADVAPI32.dll
0x00007fffbe590000 - 0x00007fffbe62e000 	C:\WINDOWS\System32\msvcrt.dll
0x00007fffbbe30000 - 0x00007fffbbece000 	C:\WINDOWS\System32\sechost.dll
0x00007fffbc9c0000 - 0x00007fffbcae2000 	C:\WINDOWS\System32\RPCRT4.dll
0x00007fff96390000 - 0x00007fff964b1000 	C:\Xilinx\Vivado\2018.3\lib\win64.o\librdi_commonxillic.dll
0x00007fffbc280000 - 0x00007fffbc417000 	C:\WINDOWS\System32\USER32.dll
0x00007fffbbe10000 - 0x00007fffbbe30000 	C:\WINDOWS\System32\win32u.dll
0x00007fffbc700000 - 0x00007fffbc729000 	C:\WINDOWS\System32\GDI32.dll
0x0000000075970000 - 0x0000000075a9b000 	C:\Xilinx\Vivado\2018.3\lib\win64.o\tcl85t.dll
0x00007fffbb990000 - 0x00007fffbbb2a000 	C:\WINDOWS\System32\gdi32full.dll
0x00007fffbad80000 - 0x00007fffbae20000 	C:\WINDOWS\System32\msvcp_win.dll
0x00007fffbcd00000 - 0x00007fffbe1f8000 	C:\WINDOWS\System32\SHELL32.dll
0x00007fffbaf20000 - 0x00007fffbaf6a000 	C:\WINDOWS\System32\cfgmgr32.dll
0x00007fffbcbe0000 - 0x00007fffbcc88000 	C:\WINDOWS\System32\shcore.dll
0x00007fffbbf50000 - 0x00007fffbc27c000 	C:\WINDOWS\System32\combase.dll
0x00007fffbaea0000 - 0x00007fffbaf1e000 	C:\WINDOWS\System32\bcryptPrimitives.dll
0x00007fffbb210000 - 0x00007fffbb95f000 	C:\WINDOWS\System32\windows.storage.dll
0x00007fffbac60000 - 0x00007fffbac84000 	C:\WINDOWS\System32\profapi.dll
0x00007fffbac00000 - 0x00007fffbac5d000 	C:\WINDOWS\System32\powrprof.dll
0x00007fffbcca0000 - 0x00007fffbccf2000 	C:\WINDOWS\System32\shlwapi.dll
0x00007fffbac90000 - 0x00007fffbaca1000 	C:\WINDOWS\System32\kernel.appcore.dll
0x00007fffbae80000 - 0x00007fffbae97000 	C:\WINDOWS\System32\cryptsp.dll
0x00007fffbe200000 - 0x00007fffbe26d000 	C:\WINDOWS\System32\WS2_32.dll
0x00007fff55aa0000 - 0x00007fff55e0e000 	C:\Xilinx\Vivado\2018.3\lib\win64.o\libCOIN-all.dll
0x00007fff65e10000 - 0x00007fff660c5000 	C:\Xilinx\Vivado\2018.3\lib\win64.o\libXil_lmgr11.dll
0x00007fffb4200000 - 0x00007fffb4214000 	C:\Xilinx\Vivado\2018.3\lib\win64.o\libboost_date_time.dll
0x00007fffbe630000 - 0x00007fffbe757000 	C:\WINDOWS\System32\COMDLG32.dll
0x00007fffbcb10000 - 0x00007fffbcbd4000 	C:\WINDOWS\System32\OLEAUT32.dll
0x00007fffbc480000 - 0x00007fffbc5d5000 	C:\WINDOWS\System32\ole32.dll
0x00007fffbae20000 - 0x00007fffbae79000 	C:\WINDOWS\System32\WINTRUST.dll
0x00007fffbacb0000 - 0x00007fffbacc2000 	C:\WINDOWS\System32\MSASN1.dll
0x00007fffbbb30000 - 0x00007fffbbd0c000 	C:\WINDOWS\System32\CRYPT32.dll
0x00007fffb6440000 - 0x00007fffb644b000 	C:\Xilinx\Vivado\2018.3\lib\win64.o\libboost_system.dll
0x00007fffa35e0000 - 0x00007fffa365f000 	C:\Xilinx\Vivado\2018.3\lib\win64.o\libboost_program_options.dll
0x00007fffab6d0000 - 0x00007fffab6f1000 	C:\Xilinx\Vivado\2018.3\lib\win64.o\libboost_thread.dll
0x00007fffb5ca0000 - 0x00007fffb5caf000 	C:\Xilinx\Vivado\2018.3\lib\win64.o\libboost_xilinx.dll
0x00007fff71f70000 - 0x00007fff72084000 	C:\Xilinx\Vivado\2018.3\lib\win64.o\libboost_regex.dll
0x00007fff9e2e0000 - 0x00007fff9e362000 	C:\Xilinx\Vivado\2018.3\lib\win64.o\libhdlpsolve.dll
0x00007fff7c110000 - 0x00007fff7c1b5000 	C:\Xilinx\Vivado\2018.3\lib\win64.o\libhdxml.dll
0x00007fff52770000 - 0x00007fff52fbe600 	C:\Xilinx\Vivado\2018.3\lib\win64.o\libisl_iostreams.dll
0x00007fffa9ff0000 - 0x00007fffaa01e000 	C:\Xilinx\Vivado\2018.3\lib\win64.o\libisl_sysinfo.dll
0x00007fffa34a0000 - 0x00007fffa3505000 	C:\Xilinx\Vivado\2018.3\lib\win64.o\liblmx6.0.dll
0x00007fffb3fe0000 - 0x00007fffb3ffa000 	C:\Xilinx\Vivado\2018.3\lib\win64.o\pthreadVC2.dll
0x00007fffb3bf0000 - 0x00007fffb3c0c000 	C:\Xilinx\Vivado\2018.3\lib\win64.o\librdiconfig.dll
0x0000000012000000 - 0x0000000012272000 	C:\Xilinx\Vivado\2018.3\lib\win64.o\xerces-c_3_1.dll
0x00007fffa9190000 - 0x00007fffa91b1000 	C:\Xilinx\Vivado\2018.3\lib\win64.o\librdizlib.dll
0x00007fffb0a00000 - 0x00007fffb0a17000 	C:\WINDOWS\SYSTEM32\NETAPI32.dll
0x00007fffa5120000 - 0x00007fffa5601000 	C:\WINDOWS\SYSTEM32\WININET.dll
0x00007fffabde0000 - 0x00007fffabed2000 	C:\WINDOWS\SYSTEM32\WINHTTP.dll
0x00007fffab810000 - 0x00007fffab9e7000 	C:\WINDOWS\SYSTEM32\urlmon.dll
0x00007fffb4c70000 - 0x00007fffb4c79000 	C:\WINDOWS\SYSTEM32\WSOCK32.dll
0x00007fffa6e00000 - 0x00007fffa6e2e000 	C:\WINDOWS\SYSTEM32\VCOMP140.DLL
0x00007fffb5bd0000 - 0x00007fffb5c79000 	C:\WINDOWS\WinSxS\amd64_microsoft.windows.common-controls_6595b64144ccf1df_5.82.17763.1282_none_6d05534259faab9e\COMCTL32.dll
0x00007fffb3b70000 - 0x00007fffb3b8c000 	C:\WINDOWS\SYSTEM32\dhcpcsvc.DLL
0x00007fffbcc90000 - 0x00007fffbcc98000 	C:\WINDOWS\System32\NSI.dll
0x00007fffb4520000 - 0x00007fffb452d000 	C:\Xilinx\Vivado\2018.3\lib\win64.o\libboost_chrono.dll
0x00007fffa9da0000 - 0x00007fffa9dbb000 	C:\Xilinx\Vivado\2018.3\lib\win64.o\libboost_iostreams.dll
0x00007fffa86f0000 - 0x00007fffa8998000 	C:\WINDOWS\SYSTEM32\iertutil.dll
0x00007fffa63a0000 - 0x00007fffa63c5000 	C:\Xilinx\Vivado\2018.3\lib\win64.o\libisl_iosutils.dll
0x00007fffba1f0000 - 0x00007fffba1fc000 	C:\WINDOWS\SYSTEM32\CRYPTBASE.DLL
0x00007fff518d0000 - 0x00007fff52761000 	C:\Xilinx\Vivado\2018.3\lib\win64.o\gurobi65.dll
0x00007fffb9e50000 - 0x00007fffb9e5e000 	C:\WINDOWS\SYSTEM32\NETUTILS.DLL
0x00007fffbe560000 - 0x00007fffbe58e000 	C:\WINDOWS\System32\IMM32.DLL
0x00007fff513d0000 - 0x00007fff518c5000 	C:\Xilinx\Vivado\2018.3\lib\win64.o\librdi_commontasks.dll
0x00007fffb2e40000 - 0x00007fffb2e4a000 	C:\WINDOWS\SYSTEM32\VERSION.dll
0x00007fff64030000 - 0x00007fff642af000 	C:\Xilinx\Vivado\2018.3\lib\win64.o\librdi_sio.dll
0x00007fffb9d40000 - 0x00007fffb9d7d000 	C:\WINDOWS\SYSTEM32\IPHLPAPI.DLL
0x0000000074e20000 - 0x0000000075845000 	C:\Xilinx\Vivado\2018.3\tps\win64\jre9.0.4\bin\server\jvm.dll
0x00007fffbc790000 - 0x00007fffbc798000 	C:\WINDOWS\System32\PSAPI.DLL
0x00007fffb8b20000 - 0x00007fffb8b44000 	C:\WINDOWS\SYSTEM32\WINMM.dll
0x00007fff84e80000 - 0x00007fff84f6f000 	C:\WINDOWS\SYSTEM32\MSVCR120.dll
0x00007fffb89d0000 - 0x00007fffb89fd000 	C:\WINDOWS\SYSTEM32\WINMMBASE.dll
0x00007fffba020000 - 0x00007fffba087000 	C:\WINDOWS\SYSTEM32\MSWSOCK.DLL
0x00007fff4f000000 - 0x00007fff513c2000 	C:\Xilinx\Vivado\2018.3\lib\win64.o\librdi_tcltasks.dll
0x00007fffa1880000 - 0x00007fffa18ea000 	C:\Xilinx\Vivado\2018.3\lib\win64.o\librdi_boarddep.dll
0x00007fff64de0000 - 0x00007fff64f5e000 	C:\Xilinx\Vivado\2018.3\lib\win64.o\librdi_board.dll
0x00007fff4ec20000 - 0x00007fff4effc000 	C:\Xilinx\Vivado\2018.3\lib\win64.o\librdi_bitstream.dll
0x00007fff7bdc0000 - 0x00007fff7be9c000 	C:\Xilinx\Vivado\2018.3\lib\win64.o\librdi_chipscope.dll
0x00007fff64880000 - 0x00007fff64a39000 	C:\Xilinx\Vivado\2018.3\lib\win64.o\librdi_chipscopeimpl.dll
0x00007fff630c0000 - 0x00007fff63208000 	C:\Xilinx\Vivado\2018.3\lib\win64.o\librdi_containers.dll
0x00007fff4d310000 - 0x00007fff4ec15000 	C:\Xilinx\Vivado\2018.3\lib\win64.o\librdi_constraints.dll
0x00007fff4ae10000 - 0x00007fff4b4ea000 	C:\Xilinx\Vivado\2018.3\lib\win64.o\librdi_coregenipxact.dll
0x00007fff4b4f0000 - 0x00007fff4d30f000 	C:\Xilinx\Vivado\2018.3\lib\win64.o\librdi_coregen.dll
0x00007fff47010000 - 0x00007fff4ae0b000 	C:\Xilinx\Vivado\2018.3\lib\win64.o\librdi_designutils.dll
0x00007fff46cf0000 - 0x00007fff4700b000 	C:\Xilinx\Vivado\2018.3\lib\win64.o\librdi_dlyest.dll
0x00007fff72c10000 - 0x00007fff72cd2000 	C:\Xilinx\Vivado\2018.3\lib\win64.o\librdi_dsp.dll
0x00007fff35a30000 - 0x00007fff35f90000 	C:\Xilinx\Vivado\2018.3\lib\win64.o\librdi_drc.dll
0x00007fff353f0000 - 0x00007fff35a2f000 	C:\Xilinx\Vivado\2018.3\lib\win64.o\librdi_filemgmt.dll
0x00007fff35110000 - 0x00007fff353ea000 	C:\Xilinx\Vivado\2018.3\lib\win64.o\librdi_guitools.dll
0x00007fff99a30000 - 0x00007fff99a8d000 	C:\Xilinx\Vivado\2018.3\lib\win64.o\librdi_hdf.dll
0x00007fff35f90000 - 0x00007fff46ce2000 	C:\Xilinx\Vivado\2018.3\lib\win64.o\librdi_device.dll
0x00007fff33d70000 - 0x00007fff35101000 	C:\Xilinx\Vivado\2018.3\lib\win64.o\librdi_implflow.dll
0x00007fff96680000 - 0x00007fff966f1000 	C:\Xilinx\Vivado\2018.3\lib\win64.o\librdi_memoryarray.dll
0x00007fff2f760000 - 0x00007fff2fd9b000 	C:\Xilinx\Vivado\2018.3\lib\win64.o\librdi_netlist.dll
0x00007fff33750000 - 0x00007fff33d65000 	C:\Xilinx\Vivado\2018.3\lib\win64.o\librdi_memdata.dll
0x00007fffa4c90000 - 0x00007fffa4ce0000 	C:\Xilinx\Vivado\2018.3\lib\win64.o\librdi_pfi.dll
0x00007fff2f450000 - 0x00007fff2f757000 	C:\Xilinx\Vivado\2018.3\lib\win64.o\librdi_platform.dll
0x00007fff2c830000 - 0x00007fff2cf25000 	C:\Xilinx\Vivado\2018.3\lib\win64.o\librdi_power.dll
0x00007fff2fda0000 - 0x00007fff3374c000 	C:\Xilinx\Vivado\2018.3\lib\win64.o\librdi_mig.dll
0x00007fff2cf30000 - 0x00007fff2f444000 	C:\Xilinx\Vivado\2018.3\lib\win64.o\librdi_place.dll
0x00007fff2c2d0000 - 0x00007fff2c826000 	C:\Xilinx\Vivado\2018.3\lib\win64.o\librdi_project.dll
0x00007fff2bbd0000 - 0x00007fff2c2c3000 	C:\Xilinx\Vivado\2018.3\lib\win64.o\librdi_psta.dll
0x00007fff2b4f0000 - 0x00007fff2bbc9000 	C:\Xilinx\Vivado\2018.3\lib\win64.o\librdi_rsb.dll
0x00007fff72100000 - 0x00007fff721d8000 	C:\Xilinx\Vivado\2018.3\lib\win64.o\librdi_runsbase.dll
0x00007fff2b110000 - 0x00007fff2b4e7000 	C:\Xilinx\Vivado\2018.3\lib\win64.o\librdi_runs.dll
0x00007fff2aee0000 - 0x00007fff2b108000 	C:\Xilinx\Vivado\2018.3\lib\win64.o\librdi_simdata.dll
0x00007fff56010000 - 0x00007fff56164000 	C:\Xilinx\Vivado\2018.3\lib\win64.o\librdi_advchipscopeimpl.dll
0x00007fff2a150000 - 0x00007fff2aedd000 	C:\Xilinx\Vivado\2018.3\lib\win64.o\librdi_timing.dll
0x00007fff9e290000 - 0x00007fff9e2dc000 	C:\Xilinx\Vivado\2018.3\lib\win64.o\libboost_serialization.dll
0x00007fff71a20000 - 0x00007fff71ad8000 	C:\Xilinx\Vivado\2018.3\lib\win64.o\librdi_hip_devdesign.dll
0x00007fff6f5f0000 - 0x00007fff6f69b000 	C:\Xilinx\Vivado\2018.3\lib\win64.o\librdi_ipconfig_readwrite.dll
0x00007fffa4190000 - 0x00007fffa41c8000 	C:\Xilinx\Vivado\2018.3\lib\win64.o\librdi_noc_frameworks.dll
0x00007fff962f0000 - 0x00007fff9638e000 	C:\Xilinx\Vivado\2018.3\lib\win64.o\libise.dll
0x00007fff29240000 - 0x00007fff295f5000 	C:\Xilinx\Vivado\2018.3\lib\win64.o\librdi_hip_config.dll
0x00007fff28cf0000 - 0x00007fff2923e000 	C:\Xilinx\Vivado\2018.3\lib\win64.o\librdi_xdm.dll
0x00007fff28700000 - 0x00007fff28ce4000 	C:\Xilinx\Vivado\2018.3\lib\win64.o\librdi_wavedata.dll

VM Arguments:
jvm_args: -Dsun.java2d.pmoffscreen=false -Dsun.java2d.xrender=false -Dsun.java2d.d3d=false -Dsun.awt.nopixfmt=true -Dsun.java2d.dpiaware=true -Dsun.java2d.uiScale.enabled=false -Xverify:none -Dswing.aatext=true -XX:-UsePerfData -Djdk.map.althashing.threshold=512 -XX:StringTableSize=4072 --add-opens=java.base/java.nio=ALL-UNNAMED --add-opens=java.desktop/sun.swing=ALL-UNNAMED --add-opens=java.desktop/javax.swing=ALL-UNNAMED --add-opens=java.desktop/javax.swing.tree=ALL-UNNAMED --add-opens=java.desktop/javax.swing.plaf.basic=ALL-UNNAMED --add-opens=java.desktop/javax.swing.plaf.synth=ALL-UNNAMED --add-opens=java.desktop/com.sun.awt=ALL-UNNAMED -XX:NewSize=60m -XX:MaxNewSize=60m -Xms128m -Xmx3072m -Xss5m 
java_command: <unknown>
java_class_path (initial): C:/Xilinx/Vivado/2018.3\lib\classes\alloy.jar;C:/Xilinx/Vivado/2018.3\lib\classes\autopilot.scelaborator.jar;C:/Xilinx/Vivado/2018.3\lib\classes\autopilot.sourceprocessor.jar;C:/Xilinx/Vivado/2018.3\lib\classes\autopilot.tbprocessor.jar;C:/Xilinx/Vivado/2018.3\lib\classes\batik-anim.jar;C:/Xilinx/Vivado/2018.3\lib\classes\batik-awt-util.jar;C:/Xilinx/Vivado/2018.3\lib\classes\batik-bridge.jar;C:/Xilinx/Vivado/2018.3\lib\classes\batik-codec.jar;C:/Xilinx/Vivado/2018.3\lib\classes\batik-css.jar;C:/Xilinx/Vivado/2018.3\lib\classes\batik-dom.jar;C:/Xilinx/Vivado/2018.3\lib\classes\batik-ext.jar;C:/Xilinx/Vivado/2018.3\lib\classes\batik-gui-util.jar;C:/Xilinx/Vivado/2018.3\lib\classes\batik-gvt.jar;C:/Xilinx/Vivado/2018.3\lib\classes\batik-parser.jar;C:/Xilinx/Vivado/2018.3\lib\classes\batik-script.jar;C:/Xilinx/Vivado/2018.3\lib\classes\batik-svg-dom.jar;C:/Xilinx/Vivado/2018.3\lib\classes\batik-swing.jar;C:/Xilinx/Vivado/2018.3\lib\classes\batik-transcoder.jar;C:/Xilinx/Vivado/2018.3\lib\classes\batik-util.jar;C:/Xilinx/Vivado/2018.3\lib\classes\batik-xml.jar;C:/Xilinx/Vivado/2018.3\lib\classes\com.ibm.icu_4.4.2.v20110208.jar;C:/Xilinx/Vivado/2018.3\lib\classes\commons-collections4-4.1.jar;C:/Xilinx/Vivado/2018.3\lib\classes\commons-math-2.2.jar;C:/Xilinx/Vivado/2018.3\lib\classes\dom4j-1.6.1.jar;C:/Xilinx/Vivado/2018.3\lib\classes\guava-18.0.jar;C:/Xilinx/Vivado/2018.3\lib\classes\help.jar;C:/Xilinx/Vivado/2018.3\lib\classes\hsqldb.jar;C:/Xilinx/Vivado/2018.3\lib\classes\jargs.jar;C:/Xilinx/Vivado/2018.3\lib\classes\jaxb-api-2.3.0.jar;C:/Xilinx/Vivado/2018.3\lib\classes\jh.jar;C:/Xilinx/Vivado/2018.3\lib\classes\jide-action.jar;C:/Xilinx/Vivado/2018.3\lib\classes\jide-charts.jar;C:/Xilinx/Vivado/2018.3\lib\classes\jide-common.jar;C:/Xilinx/Vivado/2018.3\lib\classes\jide-components.jar;C:/Xilinx/Vivado/2018.3\lib\classes\jide-dashboard.jar;C:/Xilinx/Vivado/2018.3\lib\classes\jide-data.jar;C:/Xilinx/Vivado/2018.3\lib\classes\jide-dialogs.jar
Launcher Type: generic

Logging:
Log output configuration:
#0: stdout all=warning uptime,level,tags
#1: stderr all=off uptime,level,tags

Environment Variables:
PATH=C:/Xilinx/Vivado/2018.3/bin;C:/Xilinx/Vivado/2018.3/lib/win64.o;C:/Xilinx/Vivado/2018.3/tps/win64/jre9.0.4/bin/server;C:/Xilinx/Vivado/2018.3/tps/win64/jre9.0.4/bin;C:/Xilinx/SDK/2018.3/bin;C:/Xilinx/Vivado/2018.3/ids_lite/ISE/bin/nt64;C:/Xilinx/Vivado/2018.3/ids_lite/ISE/lib/nt64;C:\Program Files\NVIDIA GPU Computing Toolkit\CUDA\v10.2\bin;C:\Program Files\NVIDIA GPU Computing Toolkit\CUDA\v10.2\libnvvp;C:\Program Files (x86)\Common Files\Oracle\Java\javapath;C:\Program Files (x86)\Intel\Intel(R) Management Engine Components\iCLS\;C:\Program Files\Intel\Intel(R) Management Engine Components\iCLS\;C:\Windows\system32;C:\Windows;C:\Windows\System32\Wbem;C:\Windows\System32\WindowsPowerShell\v1.0\;C:\Windows\System32\OpenSSH\;C:\Program Files (x86)\Intel\Intel(R) Management Engine Components\DAL;C:\Program Files\Intel\Intel(R) Management Engine Components\DAL;C:\Program Files (x86)\Intel\Intel(R) Management Engine Components\IPT;C:\Program Files\Intel\Intel(R) Management Engine Components\IPT;C:\Program Files (x86)\NVIDIA Corporation\PhysX\Common;C:\Program Files\NVIDIA Corporation\NVIDIA NvDLISR;C:\Program Files\MATLAB\R2020a\bin;C:\Program Files\dotnet\;C:\Program Files\nodejs\;C:\Program Files\Git\cmd;C:\Program Files\NVIDIA Corporation\Nsight Compute 2019.5.0\;C:\Program Files\NVIDIA GPU Computing Toolkit\CUDA\v10.2\lib\x64;C:\ProgramData\NVIDIA Corporation\CUDA Samples\v10.2\bin\win64; C:\ProgramData\NVIDIA Corporation\CUDA Samples\v10.2\common\lib\x64;C:\Program Files (x86)\Pandoc\;C:\Users\fay\AppData\Local\Microsoft\WindowsApps;C:\Users\fay\AppData\Local\Programs\Microsoft VS Code\bin;C:\Users\fay\AppData\Local\GitHubDesktop\bin;C:\Users\fay\AppData\Roaming\npm;C:/Xilinx/Vivado/2018.3\tps\mingw\6.2.0\win64.o\nt\bin;C:/Xilinx/Vivado/2018.3\tps\mingw\6.2.0\win64.o\nt\libexec\gcc\x86_64-w64-mingw32\6.2.0
USERNAME=fay
OS=Windows_NT
PROCESSOR_IDENTIFIER=Intel64 Family 6 Model 158 Stepping 10, GenuineIntel



---------------  S Y S T E M  ---------------

OS: Windows 10 , 64 bit Build 17763 (10.0.17763.1158)

CPU:total 12 (initial active 12) (6 cores per cpu, 2 threads per core) family 6 model 158 stepping 10, cmov, cx8, fxsr, mmx, sse, sse2, sse3, ssse3, sse4.1, sse4.2, popcnt, avx, avx2, aes, clmul, erms, 3dnowpref, lzcnt, ht, tsc, tscinvbit, bmi1, bmi2, adx, fma

Memory: 4k page, physical 16642224k(9727296k free), swap 17690800k(8192580k free)

vm_info: Java HotSpot(TM) 64-Bit Server VM (9.0.4+11) for windows-amd64 JRE (9.0.4+11), built on Dec 20 2017 02:18:54 by "mach5one" with MS VC++ 12.0 (VS2013)

END.
