Vivado Simulator 2018.3
Time resolution is 1 ps
 Block Memory Generator module loading initial data...
 Block Memory Generator data initialization complete.
Block Memory Generator module mycpu_tb.soc_lite.U9.instmem.inst.native_mem_module.blk_mem_gen_v8_4_2_inst is using a behavioral model for simulation which will not precisely model memory collision behavior.
 Block Memory Generator module loading initial data...
 Block Memory Generator data initialization complete.
Block Memory Generator module mycpu_tb.soc_lite.U1.ram.inst.native_mem_module.blk_mem_gen_v8_4_2_inst is using a behavioral model for simulation which will not precisely model memory collision behavior.
        [      0 ns] Test is running, debug_wb_pc = 0x00000000
==============================================================
Test begin!
        [   7060 ns] Test is running, debug_wb_pc = 0x00000004
        [   7147 ns] Test is running, debug_wb_pc = 0x00000008
        [   7233 ns] Test is running, debug_wb_pc = 0x00000380
        [   7320 ns] Test is running, debug_wb_pc = 0x00000384
        [   7407 ns] Test is running, debug_wb_pc = 0x00000388
        [   7494 ns] Test is running, debug_wb_pc = 0x0000038c
        [   7581 ns] Test is running, debug_wb_pc = 0x00000390
        [   7668 ns] Test is running, debug_wb_pc = 0x00000394
        [   7755 ns] Test is running, debug_wb_pc = 0x00000398
        [   7842 ns] Test is running, debug_wb_pc = 0x0000039c
        [   7929 ns] Test is running, debug_wb_pc = 0x000003a0
        [   8016 ns] Test is running, debug_wb_pc = 0x000003a4
        [   8103 ns] Test is running, debug_wb_pc = 0x000003a8
        [   8190 ns] Test is running, debug_wb_pc = 0x000003ac
        [   8277 ns] Test is running, debug_wb_pc = 0x00001150
        [   8364 ns] Test is running, debug_wb_pc = 0x00001154
        [   8451 ns] Test is running, debug_wb_pc = 0x00001158
        [   8538 ns] Test is running, debug_wb_pc = 0x0000115c
        [   8625 ns] Test is running, debug_wb_pc = 0x00001160
        [   8712 ns] Test is running, debug_wb_pc = 0x00001164
        [   8799 ns] Test is running, debug_wb_pc = 0x00001168
        [   8886 ns] Test is running, debug_wb_pc = 0x0000116c
        [   8973 ns] Test is running, debug_wb_pc = 0x00001170
        [   9060 ns] Test is running, debug_wb_pc = 0x00001174
        [   9147 ns] Test is running, debug_wb_pc = 0x00001178
        [   9233 ns] Test is running, debug_wb_pc = 0x0000117c
        [   9320 ns] Test is running, debug_wb_pc = 0x00001180
        [   9407 ns] Test is running, debug_wb_pc = 0x00001184
        [   9494 ns] Test is running, debug_wb_pc = 0x00001188
        [   9581 ns] Test is running, debug_wb_pc = 0x0000118c
Warning : input CLKIN1 period and attribute CLKIN1_PERIOD on PLLE2_ADV instance mycpu_tb.soc_lite.U0.UCLK.inst.plle2_adv_inst are not same.
        [   9668 ns] Test is running, debug_wb_pc = 0x00001190
        [   9755 ns] Test is running, debug_wb_pc = 0x00001194
        [   9842 ns] Test is running, debug_wb_pc = 0x00001198
        [   9929 ns] Test is running, debug_wb_pc = 0x0000119c
        [  10016 ns] Test is running, debug_wb_pc = 0x000011a0
        [  10103 ns] Test is running, debug_wb_pc = 0x000011a4
        [  10190 ns] Test is running, debug_wb_pc = 0x000011a8
        [  10277 ns] Test is running, debug_wb_pc = 0x000011ac
        [  10364 ns] Test is running, debug_wb_pc = 0x000011b0
        [  10451 ns] Test is running, debug_wb_pc = 0x000011b4
        [  10538 ns] Test is running, debug_wb_pc = 0x000011b8
        [  10625 ns] Test is running, debug_wb_pc = 0x000011bc
        [  10712 ns] Test is running, debug_wb_pc = 0x000011c0
        [  10799 ns] Test is running, debug_wb_pc = 0x000011c4
        [  10886 ns] Test is running, debug_wb_pc = 0x000011c8
        [  10973 ns] Test is running, debug_wb_pc = 0x000011cc
        [  11060 ns] Test is running, debug_wb_pc = 0x000011d0
        [  11147 ns] Test is running, debug_wb_pc = 0x000011d4
        [  11233 ns] Test is running, debug_wb_pc = 0x000011d8
        [  11320 ns] Test is running, debug_wb_pc = 0x000011dc
        [  11407 ns] Test is running, debug_wb_pc = 0x000011e0
        [  11494 ns] Test is running, debug_wb_pc = 0x000011e4
        [  11581 ns] Test is running, debug_wb_pc = 0x000011e8
        [  11668 ns] Test is running, debug_wb_pc = 0x000011ec
        [  11755 ns] Test is running, debug_wb_pc = 0x000011f0
        [  11842 ns] Test is running, debug_wb_pc = 0x000011f4
        [  11929 ns] Test is running, debug_wb_pc = 0x000011f8
        [  12016 ns] Test is running, debug_wb_pc = 0x000011fc
        [  12103 ns] Test is running, debug_wb_pc = 0x00001200
        [  12190 ns] Test is running, debug_wb_pc = 0x00001204
        [  12277 ns] Test is running, debug_wb_pc = 0x00001208
        [  12364 ns] Test is running, debug_wb_pc = 0x0000120c
        [  12451 ns] Test is running, debug_wb_pc = 0x00001210
        [  12538 ns] Test is running, debug_wb_pc = 0x00001214
        [  12625 ns] Test is running, debug_wb_pc = 0x00001218
        [  12712 ns] Test is running, debug_wb_pc = 0x0000121c
        [  12799 ns] Test is running, debug_wb_pc = 0x00001220
        [  12886 ns] Test is running, debug_wb_pc = 0x00001224
        [  12973 ns] Test is running, debug_wb_pc = 0x00001228
        [  13060 ns] Test is running, debug_wb_pc = 0x0000122c
        [  13147 ns] Test is running, debug_wb_pc = 0x00001230
        [  13233 ns] Test is running, debug_wb_pc = 0x00001234
        [  13320 ns] Test is running, debug_wb_pc = 0x00001238
        [  13407 ns] Test is running, debug_wb_pc = 0x0000123c
        [  13494 ns] Test is running, debug_wb_pc = 0x00001240
        [  13581 ns] Test is running, debug_wb_pc = 0x00001244
        [  13668 ns] Test is running, debug_wb_pc = 0x00001248
        [  13755 ns] Test is running, debug_wb_pc = 0x0000124c
        [  13842 ns] Test is running, debug_wb_pc = 0x00001250
        [  13929 ns] Test is running, debug_wb_pc = 0x00001254
        [  14016 ns] Test is running, debug_wb_pc = 0x00001258
        [  14103 ns] Test is running, debug_wb_pc = 0x0000125c
        [  14190 ns] Test is running, debug_wb_pc = 0x00001260
        [  14277 ns] Test is running, debug_wb_pc = 0x00001264
        [  14364 ns] Test is running, debug_wb_pc = 0x00001268
        [  14451 ns] Test is running, debug_wb_pc = 0x0000126c
        [  14538 ns] Test is running, debug_wb_pc = 0x00001270
        [  14625 ns] Test is running, debug_wb_pc = 0x00001274
        [  14712 ns] Test is running, debug_wb_pc = 0x00001278
        [  14799 ns] Test is running, debug_wb_pc = 0x0000127c
        [  14886 ns] Test is running, debug_wb_pc = 0x00001280
        [  14973 ns] Test is running, debug_wb_pc = 0x00001284
        [  15060 ns] Test is running, debug_wb_pc = 0x00001288
        [  15147 ns] Test is running, debug_wb_pc = 0x0000128c
        [  15233 ns] Test is running, debug_wb_pc = 0x00001290
        [  15320 ns] Test is running, debug_wb_pc = 0x00001294
        [  15407 ns] Test is running, debug_wb_pc = 0x00001298
        [  15494 ns] Test is running, debug_wb_pc = 0x0000129c
        [  15581 ns] Test is running, debug_wb_pc = 0x000012a0
        [  15668 ns] Test is running, debug_wb_pc = 0x000012a4
        [  15755 ns] Test is running, debug_wb_pc = 0x000012a8
        [  15842 ns] Test is running, debug_wb_pc = 0x000012ac
        [  15929 ns] Test is running, debug_wb_pc = 0x000012b0
        [  16016 ns] Test is running, debug_wb_pc = 0x000012b4
        [  16103 ns] Test is running, debug_wb_pc = 0x000012b8
        [  16190 ns] Test is running, debug_wb_pc = 0x000012bc
        [  16277 ns] Test is running, debug_wb_pc = 0x000012c0
        [  16364 ns] Test is running, debug_wb_pc = 0x000012c4
        [  16451 ns] Test is running, debug_wb_pc = 0x000012c8
        [  16538 ns] Test is running, debug_wb_pc = 0x000012cc
        [  16625 ns] Test is running, debug_wb_pc = 0x000012d0
        [  16712 ns] Test is running, debug_wb_pc = 0x000012d4
        [  16799 ns] Test is running, debug_wb_pc = 0x000012d8
        [  16886 ns] Test is running, debug_wb_pc = 0x000012dc
        [  16973 ns] Test is running, debug_wb_pc = 0x000012e0
        [  17060 ns] Test is running, debug_wb_pc = 0x000012e4
        [  17147 ns] Test is running, debug_wb_pc = 0x000012e8
        [  17233 ns] Test is running, debug_wb_pc = 0x000012ec
        [  17320 ns] Test is running, debug_wb_pc = 0x000012f0
        [  17407 ns] Test is running, debug_wb_pc = 0x000012f4
        [  17494 ns] Test is running, debug_wb_pc = 0x000012f8
        [  17581 ns] Test is running, debug_wb_pc = 0x000012fc
        [  17668 ns] Test is running, debug_wb_pc = 0x00001300
        [  17755 ns] Test is running, debug_wb_pc = 0x00001304
        [  17842 ns] Test is running, debug_wb_pc = 0x00001308
        [  17929 ns] Test is running, debug_wb_pc = 0x0000130c
        [  18016 ns] Test is running, debug_wb_pc = 0x00001310
        [  18103 ns] Test is running, debug_wb_pc = 0x00001314
        [  18190 ns] Test is running, debug_wb_pc = 0x00001318
        [  18277 ns] Test is running, debug_wb_pc = 0x0000131c
        [  18364 ns] Test is running, debug_wb_pc = 0x00001320
        [  18451 ns] Test is running, debug_wb_pc = 0x00001324
        [  18538 ns] Test is running, debug_wb_pc = 0x00001328
        [  18625 ns] Test is running, debug_wb_pc = 0x0000132c
        [  18712 ns] Test is running, debug_wb_pc = 0x00001330
        [  18799 ns] Test is running, debug_wb_pc = 0x00001334
        [  18886 ns] Test is running, debug_wb_pc = 0x00001338
        [  18973 ns] Test is running, debug_wb_pc = 0x0000133c
        [  19060 ns] Test is running, debug_wb_pc = 0x00001340
        [  19147 ns] Test is running, debug_wb_pc = 0x00001344
        [  19233 ns] Test is running, debug_wb_pc = 0x00001348
        [  19320 ns] Test is running, debug_wb_pc = 0x0000134c
        [  19407 ns] Test is running, debug_wb_pc = 0x00001350
        [  19494 ns] Test is running, debug_wb_pc = 0x00001354
        [  19581 ns] Test is running, debug_wb_pc = 0x00001358
        [  19668 ns] Test is running, debug_wb_pc = 0x0000135c
        [  19755 ns] Test is running, debug_wb_pc = 0x00001360
        [  19842 ns] Test is running, debug_wb_pc = 0x00001364
        [  19929 ns] Test is running, debug_wb_pc = 0x00001368
        [  20016 ns] Test is running, debug_wb_pc = 0x0000136c
        [  20103 ns] Test is running, debug_wb_pc = 0x00001370
        [  20190 ns] Test is running, debug_wb_pc = 0x00001374
        [  20277 ns] Test is running, debug_wb_pc = 0x00001378
        [  20364 ns] Test is running, debug_wb_pc = 0x0000137c
        [  20451 ns] Test is running, debug_wb_pc = 0x00001380
        [  20538 ns] Test is running, debug_wb_pc = 0x00001384
        [  20625 ns] Test is running, debug_wb_pc = 0x000003b0
        [  20712 ns] Test is running, debug_wb_pc = 0x000003b4
        [  20799 ns] Test is running, debug_wb_pc = 0x00000588
        [  20886 ns] Test is running, debug_wb_pc = 0x0000058c
        [  20973 ns] Test is running, debug_wb_pc = 0x00000590
        [  21060 ns] Test is running, debug_wb_pc = 0x00000594
        [  21147 ns] Test is running, debug_wb_pc = 0x00000598
        [  21233 ns] Test is running, debug_wb_pc = 0x0000059c
        [  21320 ns] Test is running, debug_wb_pc = 0x000005a0
        [  21407 ns] Test is running, debug_wb_pc = 0x000003b8
        [  21494 ns] Test is running, debug_wb_pc = 0x000003bc
        [  21581 ns] Test is running, debug_wb_pc = 0x00001ba0
        [  21668 ns] Test is running, debug_wb_pc = 0x00001ba4
        [  21755 ns] Test is running, debug_wb_pc = 0x00001ba8
        [  21842 ns] Test is running, debug_wb_pc = 0x00001bac
        [  21929 ns] Test is running, debug_wb_pc = 0x00001bb0
        [  22016 ns] Test is running, debug_wb_pc = 0x00001bb4
        [  22103 ns] Test is running, debug_wb_pc = 0x00001bb8
        [  22190 ns] Test is running, debug_wb_pc = 0x00001bbc
        [  22277 ns] Test is running, debug_wb_pc = 0x00001bc0
        [  22364 ns] Test is running, debug_wb_pc = 0x00001bc4
        [  22451 ns] Test is running, debug_wb_pc = 0x00001bc8
        [  22538 ns] Test is running, debug_wb_pc = 0x00001bcc
        [  22625 ns] Test is running, debug_wb_pc = 0x00001bd0
        [  22712 ns] Test is running, debug_wb_pc = 0x00001bd4
        [  22799 ns] Test is running, debug_wb_pc = 0x00001bd8
        [  22886 ns] Test is running, debug_wb_pc = 0x00001bdc
        [  22973 ns] Test is running, debug_wb_pc = 0x00001be0
        [  23060 ns] Test is running, debug_wb_pc = 0x00001be4
        [  23147 ns] Test is running, debug_wb_pc = 0x00001be8
        [  23233 ns] Test is running, debug_wb_pc = 0x00001bec
        [  23320 ns] Test is running, debug_wb_pc = 0x00001bf0
        [  23407 ns] Test is running, debug_wb_pc = 0x00001bf4
        [  23494 ns] Test is running, debug_wb_pc = 0x00001bf8
        [  23581 ns] Test is running, debug_wb_pc = 0x00001bfc
        [  23668 ns] Test is running, debug_wb_pc = 0x00001c00
        [  23755 ns] Test is running, debug_wb_pc = 0x00001c04
        [  23842 ns] Test is running, debug_wb_pc = 0x00001c08
        [  23929 ns] Test is running, debug_wb_pc = 0x00001c0c
        [  24016 ns] Test is running, debug_wb_pc = 0x00001c10
        [  24103 ns] Test is running, debug_wb_pc = 0x00001c14
        [  24190 ns] Test is running, debug_wb_pc = 0x00001c18
        [  24277 ns] Test is running, debug_wb_pc = 0x00001c1c
        [  24364 ns] Test is running, debug_wb_pc = 0x00001c20
        [  24451 ns] Test is running, debug_wb_pc = 0x00001c24
        [  24538 ns] Test is running, debug_wb_pc = 0x00001c28
        [  24625 ns] Test is running, debug_wb_pc = 0x00001c2c
        [  24712 ns] Test is running, debug_wb_pc = 0x00001c30
        [  24799 ns] Test is running, debug_wb_pc = 0x00001c34
        [  24886 ns] Test is running, debug_wb_pc = 0x00001c38
        [  24973 ns] Test is running, debug_wb_pc = 0x00001c3c
        [  25060 ns] Test is running, debug_wb_pc = 0x00001c40
        [  25147 ns] Test is running, debug_wb_pc = 0x00001c44
        [  25233 ns] Test is running, debug_wb_pc = 0x00001c48
        [  25320 ns] Test is running, debug_wb_pc = 0x00001c4c
        [  25407 ns] Test is running, debug_wb_pc = 0x00001c50
        [  25494 ns] Test is running, debug_wb_pc = 0x00001c54
        [  25581 ns] Test is running, debug_wb_pc = 0x00001c58
        [  25668 ns] Test is running, debug_wb_pc = 0x00001c5c
        [  25755 ns] Test is running, debug_wb_pc = 0x00001c60
        [  25842 ns] Test is running, debug_wb_pc = 0x00001c64
        [  25929 ns] Test is running, debug_wb_pc = 0x00001c68
        [  26016 ns] Test is running, debug_wb_pc = 0x00001c6c
        [  26103 ns] Test is running, debug_wb_pc = 0x00001c70
        [  26190 ns] Test is running, debug_wb_pc = 0x00001c74
        [  26277 ns] Test is running, debug_wb_pc = 0x00001c78
        [  26364 ns] Test is running, debug_wb_pc = 0x00001c7c
        [  26451 ns] Test is running, debug_wb_pc = 0x00001c80
        [  26538 ns] Test is running, debug_wb_pc = 0x00001c84
        [  26625 ns] Test is running, debug_wb_pc = 0x00001c88
        [  26712 ns] Test is running, debug_wb_pc = 0x00001c8c
        [  26799 ns] Test is running, debug_wb_pc = 0x00001c90
        [  26886 ns] Test is running, debug_wb_pc = 0x00001c94
        [  26973 ns] Test is running, debug_wb_pc = 0x00001c98
        [  27060 ns] Test is running, debug_wb_pc = 0x00001c9c
        [  27147 ns] Test is running, debug_wb_pc = 0x00001ca0
        [  27233 ns] Test is running, debug_wb_pc = 0x00001ca4
        [  27320 ns] Test is running, debug_wb_pc = 0x00001ca8
        [  27407 ns] Test is running, debug_wb_pc = 0x000003c0
        [  27494 ns] Test is running, debug_wb_pc = 0x000003c4
        [  27581 ns] Test is running, debug_wb_pc = 0x00000588
        [  27668 ns] Test is running, debug_wb_pc = 0x0000058c
        [  27755 ns] Test is running, debug_wb_pc = 0x00000590
        [  27842 ns] Test is running, debug_wb_pc = 0x00000594
        [  27929 ns] Test is running, debug_wb_pc = 0x00000598
        [  28016 ns] Test is running, debug_wb_pc = 0x0000059c
        [  28103 ns] Test is running, debug_wb_pc = 0x000005a0
        [  28190 ns] Test is running, debug_wb_pc = 0x000003c8
        [  28277 ns] Test is running, debug_wb_pc = 0x000003cc
        [  28364 ns] Test is running, debug_wb_pc = 0x00002160
        [  28451 ns] Test is running, debug_wb_pc = 0x00002164
        [  28538 ns] Test is running, debug_wb_pc = 0x00002168
        [  28625 ns] Test is running, debug_wb_pc = 0x0000216c
        [  28712 ns] Test is running, debug_wb_pc = 0x00002170
        [  28799 ns] Test is running, debug_wb_pc = 0x00002174
        [  28886 ns] Test is running, debug_wb_pc = 0x00002178
        [  28973 ns] Test is running, debug_wb_pc = 0x0000217c
        [  29060 ns] Test is running, debug_wb_pc = 0x00002180
        [  29147 ns] Test is running, debug_wb_pc = 0x00002184
        [  29233 ns] Test is running, debug_wb_pc = 0x00002188
        [  29320 ns] Test is running, debug_wb_pc = 0x0000218c
        [  29407 ns] Test is running, debug_wb_pc = 0x00002190
        [  29494 ns] Test is running, debug_wb_pc = 0x00002194
        [  29581 ns] Test is running, debug_wb_pc = 0x00002198
        [  29668 ns] Test is running, debug_wb_pc = 0x0000219c
        [  29755 ns] Test is running, debug_wb_pc = 0x000021a0
        [  29842 ns] Test is running, debug_wb_pc = 0x000021a4
        [  29929 ns] Test is running, debug_wb_pc = 0x000021a8
        [  30016 ns] Test is running, debug_wb_pc = 0x000021ac
        [  30103 ns] Test is running, debug_wb_pc = 0x000021b0
        [  30190 ns] Test is running, debug_wb_pc = 0x000021b4
        [  30277 ns] Test is running, debug_wb_pc = 0x000021b8
        [  30364 ns] Test is running, debug_wb_pc = 0x000021bc
        [  30451 ns] Test is running, debug_wb_pc = 0x000021c0
        [  30538 ns] Test is running, debug_wb_pc = 0x000021c4
        [  30625 ns] Test is running, debug_wb_pc = 0x000021c8
        [  30712 ns] Test is running, debug_wb_pc = 0x000021cc
        [  30799 ns] Test is running, debug_wb_pc = 0x000021d0
        [  30886 ns] Test is running, debug_wb_pc = 0x000021d4
        [  30973 ns] Test is running, debug_wb_pc = 0x000021d8
        [  31060 ns] Test is running, debug_wb_pc = 0x000021dc
        [  31147 ns] Test is running, debug_wb_pc = 0x000021e0
        [  31233 ns] Test is running, debug_wb_pc = 0x000021e4
        [  31320 ns] Test is running, debug_wb_pc = 0x000021e8
        [  31407 ns] Test is running, debug_wb_pc = 0x000021ec
        [  31494 ns] Test is running, debug_wb_pc = 0x000021f0
        [  31581 ns] Test is running, debug_wb_pc = 0x000021f4
        [  31668 ns] Test is running, debug_wb_pc = 0x000021f8
        [  31755 ns] Test is running, debug_wb_pc = 0x000021fc
        [  31842 ns] Test is running, debug_wb_pc = 0x00002200
        [  31929 ns] Test is running, debug_wb_pc = 0x00002204
        [  32016 ns] Test is running, debug_wb_pc = 0x00002208
        [  32103 ns] Test is running, debug_wb_pc = 0x0000220c
        [  32190 ns] Test is running, debug_wb_pc = 0x00002210
        [  32277 ns] Test is running, debug_wb_pc = 0x00002214
        [  32364 ns] Test is running, debug_wb_pc = 0x00002218
        [  32451 ns] Test is running, debug_wb_pc = 0x0000221c
        [  32538 ns] Test is running, debug_wb_pc = 0x00002220
        [  32625 ns] Test is running, debug_wb_pc = 0x00002224
        [  32712 ns] Test is running, debug_wb_pc = 0x00002228
        [  32799 ns] Test is running, debug_wb_pc = 0x0000222c
        [  32886 ns] Test is running, debug_wb_pc = 0x00002230
        [  32973 ns] Test is running, debug_wb_pc = 0x00002234
        [  33060 ns] Test is running, debug_wb_pc = 0x00002238
        [  33147 ns] Test is running, debug_wb_pc = 0x0000223c
        [  33233 ns] Test is running, debug_wb_pc = 0x00002240
        [  33320 ns] Test is running, debug_wb_pc = 0x000003d0
        [  33407 ns] Test is running, debug_wb_pc = 0x000003d4
        [  33494 ns] Test is running, debug_wb_pc = 0x00000588
        [  33581 ns] Test is running, debug_wb_pc = 0x0000058c
        [  33668 ns] Test is running, debug_wb_pc = 0x00000590
        [  33755 ns] Test is running, debug_wb_pc = 0x00000594
        [  33842 ns] Test is running, debug_wb_pc = 0x00000598
        [  33929 ns] Test is running, debug_wb_pc = 0x0000059c
        [  34016 ns] Test is running, debug_wb_pc = 0x000005a0
        [  34103 ns] Test is running, debug_wb_pc = 0x000003d8
        [  34190 ns] Test is running, debug_wb_pc = 0x000003dc
        [  34277 ns] Test is running, debug_wb_pc = 0x00002250
        [  34364 ns] Test is running, debug_wb_pc = 0x00002254
        [  34451 ns] Test is running, debug_wb_pc = 0x00002258
        [  34538 ns] Test is running, debug_wb_pc = 0x0000225c
        [  34625 ns] Test is running, debug_wb_pc = 0x00002260
        [  34712 ns] Test is running, debug_wb_pc = 0x00002284
        [  34799 ns] Test is running, debug_wb_pc = 0x00002288
        [  34886 ns] Test is running, debug_wb_pc = 0x0000228c
        [  34973 ns] Test is running, debug_wb_pc = 0x00002290
        [  35060 ns] Test is running, debug_wb_pc = 0x00002294
        [  35147 ns] Test is running, debug_wb_pc = 0x00002298
        [  35233 ns] Test is running, debug_wb_pc = 0x0000229c
        [  35320 ns] Test is running, debug_wb_pc = 0x000022b0
        [  35407 ns] Test is running, debug_wb_pc = 0x000022b4
        [  35494 ns] Test is running, debug_wb_pc = 0x000022b8
        [  35581 ns] Test is running, debug_wb_pc = 0x000022bc
        [  35668 ns] Test is running, debug_wb_pc = 0x000022c0
        [  35755 ns] Test is running, debug_wb_pc = 0x000022c4
        [  35842 ns] Test is running, debug_wb_pc = 0x000022c8
        [  35929 ns] Test is running, debug_wb_pc = 0x000022cc
        [  36016 ns] Test is running, debug_wb_pc = 0x000022d0
        [  36103 ns] Test is running, debug_wb_pc = 0x000022d4
        [  36190 ns] Test is running, debug_wb_pc = 0x000022d8
        [  36277 ns] Test is running, debug_wb_pc = 0x000022dc
        [  36364 ns] Test is running, debug_wb_pc = 0x000022e0
        [  36451 ns] Test is running, debug_wb_pc = 0x00002304
        [  36538 ns] Test is running, debug_wb_pc = 0x00002308
        [  36625 ns] Test is running, debug_wb_pc = 0x0000230c
        [  36712 ns] Test is running, debug_wb_pc = 0x00002310
        [  36799 ns] Test is running, debug_wb_pc = 0x00002314
        [  36886 ns] Test is running, debug_wb_pc = 0x00002318
        [  36973 ns] Test is running, debug_wb_pc = 0x0000231c
        [  37060 ns] Test is running, debug_wb_pc = 0x00002330
        [  37147 ns] Test is running, debug_wb_pc = 0x00002334
        [  37233 ns] Test is running, debug_wb_pc = 0x00002338
        [  37320 ns] Test is running, debug_wb_pc = 0x0000233c
        [  37407 ns] Test is running, debug_wb_pc = 0x00002340
        [  37494 ns] Test is running, debug_wb_pc = 0x00002344
        [  37581 ns] Test is running, debug_wb_pc = 0x00002348
        [  37668 ns] Test is running, debug_wb_pc = 0x0000234c
        [  37755 ns] Test is running, debug_wb_pc = 0x00002350
        [  37842 ns] Test is running, debug_wb_pc = 0x00002354
        [  37929 ns] Test is running, debug_wb_pc = 0x00002358
        [  38016 ns] Test is running, debug_wb_pc = 0x0000235c
        [  38103 ns] Test is running, debug_wb_pc = 0x00002360
        [  38190 ns] Test is running, debug_wb_pc = 0x00002384
        [  38277 ns] Test is running, debug_wb_pc = 0x00002388
        [  38364 ns] Test is running, debug_wb_pc = 0x0000238c
        [  38451 ns] Test is running, debug_wb_pc = 0x00002390
        [  38538 ns] Test is running, debug_wb_pc = 0x00002394
        [  38625 ns] Test is running, debug_wb_pc = 0x00002398
        [  38712 ns] Test is running, debug_wb_pc = 0x0000239c
        [  38799 ns] Test is running, debug_wb_pc = 0x000023b0
        [  38886 ns] Test is running, debug_wb_pc = 0x000023b4
        [  38973 ns] Test is running, debug_wb_pc = 0x000023b8
        [  39060 ns] Test is running, debug_wb_pc = 0x000023bc
        [  39147 ns] Test is running, debug_wb_pc = 0x000023c0
        [  39233 ns] Test is running, debug_wb_pc = 0x000023c4
        [  39320 ns] Test is running, debug_wb_pc = 0x000023c8
        [  39407 ns] Test is running, debug_wb_pc = 0x000023cc
        [  39494 ns] Test is running, debug_wb_pc = 0x000023d0
        [  39581 ns] Test is running, debug_wb_pc = 0x000023d4
        [  39668 ns] Test is running, debug_wb_pc = 0x000023d8
        [  39755 ns] Test is running, debug_wb_pc = 0x000023dc
        [  39842 ns] Test is running, debug_wb_pc = 0x000023e0
        [  39929 ns] Test is running, debug_wb_pc = 0x00002404
        [  40016 ns] Test is running, debug_wb_pc = 0x00002408
        [  40103 ns] Test is running, debug_wb_pc = 0x0000240c
        [  40190 ns] Test is running, debug_wb_pc = 0x00002410
        [  40277 ns] Test is running, debug_wb_pc = 0x00002414
        [  40364 ns] Test is running, debug_wb_pc = 0x00002418
        [  40451 ns] Test is running, debug_wb_pc = 0x0000241c
        [  40538 ns] Test is running, debug_wb_pc = 0x00002430
        [  40625 ns] Test is running, debug_wb_pc = 0x00002434
        [  40712 ns] Test is running, debug_wb_pc = 0x00002438
        [  40799 ns] Test is running, debug_wb_pc = 0x0000243c
        [  40886 ns] Test is running, debug_wb_pc = 0x00002440
        [  40973 ns] Test is running, debug_wb_pc = 0x00002444
        [  41060 ns] Test is running, debug_wb_pc = 0x00002448
        [  41147 ns] Test is running, debug_wb_pc = 0x0000244c
        [  41233 ns] Test is running, debug_wb_pc = 0x00002450
        [  41320 ns] Test is running, debug_wb_pc = 0x00002454
        [  41407 ns] Test is running, debug_wb_pc = 0x00002458
        [  41494 ns] Test is running, debug_wb_pc = 0x0000245c
        [  41581 ns] Test is running, debug_wb_pc = 0x00002460
        [  41668 ns] Test is running, debug_wb_pc = 0x00002484
        [  41755 ns] Test is running, debug_wb_pc = 0x00002488
        [  41842 ns] Test is running, debug_wb_pc = 0x0000248c
        [  41929 ns] Test is running, debug_wb_pc = 0x00002490
        [  42016 ns] Test is running, debug_wb_pc = 0x00002494
        [  42103 ns] Test is running, debug_wb_pc = 0x00002498
        [  42190 ns] Test is running, debug_wb_pc = 0x0000249c
        [  42277 ns] Test is running, debug_wb_pc = 0x000024b0
        [  42364 ns] Test is running, debug_wb_pc = 0x000024b4
        [  42451 ns] Test is running, debug_wb_pc = 0x000024b8
        [  42538 ns] Test is running, debug_wb_pc = 0x000024bc
        [  42625 ns] Test is running, debug_wb_pc = 0x000024c0
        [  42712 ns] Test is running, debug_wb_pc = 0x000024c4
        [  42799 ns] Test is running, debug_wb_pc = 0x000024c8
        [  42886 ns] Test is running, debug_wb_pc = 0x000024cc
        [  42973 ns] Test is running, debug_wb_pc = 0x000024d0
        [  43060 ns] Test is running, debug_wb_pc = 0x000024d4
        [  43147 ns] Test is running, debug_wb_pc = 0x000024d8
        [  43233 ns] Test is running, debug_wb_pc = 0x000024dc
        [  43320 ns] Test is running, debug_wb_pc = 0x000024e0
        [  43407 ns] Test is running, debug_wb_pc = 0x000024e4
        [  43494 ns] Test is running, debug_wb_pc = 0x000024e8
        [  43581 ns] Test is running, debug_wb_pc = 0x000024ec
        [  43668 ns] Test is running, debug_wb_pc = 0x000024f0
        [  43755 ns] Test is running, debug_wb_pc = 0x000024f4
        [  43842 ns] Test is running, debug_wb_pc = 0x000024f8
        [  43929 ns] Test is running, debug_wb_pc = 0x000024fc
        [  44016 ns] Test is running, debug_wb_pc = 0x000003e0
        [  44103 ns] Test is running, debug_wb_pc = 0x000003e4
        [  44190 ns] Test is running, debug_wb_pc = 0x00000588
        [  44277 ns] Test is running, debug_wb_pc = 0x0000058c
        [  44364 ns] Test is running, debug_wb_pc = 0x00000590
        [  44451 ns] Test is running, debug_wb_pc = 0x00000594
        [  44538 ns] Test is running, debug_wb_pc = 0x00000598
        [  44625 ns] Test is running, debug_wb_pc = 0x0000059c
        [  44712 ns] Test is running, debug_wb_pc = 0x000005a0
        [  44799 ns] Test is running, debug_wb_pc = 0x000003e8
        [  44886 ns] Test is running, debug_wb_pc = 0x000003ec
        [  44973 ns] Test is running, debug_wb_pc = 0x00002510
        [  45060 ns] Test is running, debug_wb_pc = 0x00002514
        [  45147 ns] Test is running, debug_wb_pc = 0x00002518
        [  45233 ns] Test is running, debug_wb_pc = 0x0000251c
        [  45320 ns] Test is running, debug_wb_pc = 0x00002520
        [  45407 ns] Test is running, debug_wb_pc = 0x00002524
        [  45494 ns] Test is running, debug_wb_pc = 0x00002528
        [  45581 ns] Test is running, debug_wb_pc = 0x0000252c
        [  45668 ns] Test is running, debug_wb_pc = 0x00002530
        [  45755 ns] Test is running, debug_wb_pc = 0x00002534
        [  45842 ns] Test is running, debug_wb_pc = 0x00002538
        [  45929 ns] Test is running, debug_wb_pc = 0x0000253c
        [  46016 ns] Test is running, debug_wb_pc = 0x00002540
        [  46103 ns] Test is running, debug_wb_pc = 0x00002544
        [  46190 ns] Test is running, debug_wb_pc = 0x00002548
        [  46277 ns] Test is running, debug_wb_pc = 0x0000254c
        [  46364 ns] Test is running, debug_wb_pc = 0x00002550
        [  46451 ns] Test is running, debug_wb_pc = 0x00002554
        [  46538 ns] Test is running, debug_wb_pc = 0x00002558
        [  46625 ns] Test is running, debug_wb_pc = 0x0000255c
        [  46712 ns] Test is running, debug_wb_pc = 0x00002560
        [  46799 ns] Test is running, debug_wb_pc = 0x00002564
        [  46886 ns] Test is running, debug_wb_pc = 0x00002568
        [  46973 ns] Test is running, debug_wb_pc = 0x0000256c
        [  47060 ns] Test is running, debug_wb_pc = 0x00002570
        [  47147 ns] Test is running, debug_wb_pc = 0x00002574
        [  47233 ns] Test is running, debug_wb_pc = 0x00002578
        [  47320 ns] Test is running, debug_wb_pc = 0x0000257c
        [  47407 ns] Test is running, debug_wb_pc = 0x00002580
        [  47494 ns] Test is running, debug_wb_pc = 0x00002584
        [  47581 ns] Test is running, debug_wb_pc = 0x00002588
        [  47668 ns] Test is running, debug_wb_pc = 0x0000258c
        [  47755 ns] Test is running, debug_wb_pc = 0x00002590
        [  47842 ns] Test is running, debug_wb_pc = 0x00002594
        [  47929 ns] Test is running, debug_wb_pc = 0x00002598
        [  48016 ns] Test is running, debug_wb_pc = 0x0000259c
        [  48103 ns] Test is running, debug_wb_pc = 0x000025a0
        [  48190 ns] Test is running, debug_wb_pc = 0x000025a4
        [  48277 ns] Test is running, debug_wb_pc = 0x000025a8
        [  48364 ns] Test is running, debug_wb_pc = 0x000025ac
        [  48451 ns] Test is running, debug_wb_pc = 0x000025b0
        [  48538 ns] Test is running, debug_wb_pc = 0x000025b4
        [  48625 ns] Test is running, debug_wb_pc = 0x000025b8
        [  48712 ns] Test is running, debug_wb_pc = 0x000025bc
        [  48799 ns] Test is running, debug_wb_pc = 0x000025c0
        [  48886 ns] Test is running, debug_wb_pc = 0x000025c4
        [  48973 ns] Test is running, debug_wb_pc = 0x000025c8
        [  49060 ns] Test is running, debug_wb_pc = 0x000025cc
        [  49147 ns] Test is running, debug_wb_pc = 0x000025d0
        [  49233 ns] Test is running, debug_wb_pc = 0x000025d4
        [  49320 ns] Test is running, debug_wb_pc = 0x000025d8
        [  49407 ns] Test is running, debug_wb_pc = 0x000025dc
        [  49494 ns] Test is running, debug_wb_pc = 0x000025e0
        [  49581 ns] Test is running, debug_wb_pc = 0x000025e4
        [  49668 ns] Test is running, debug_wb_pc = 0x000025e8
        [  49755 ns] Test is running, debug_wb_pc = 0x000025ec
        [  49842 ns] Test is running, debug_wb_pc = 0x000025f0
        [  49929 ns] Test is running, debug_wb_pc = 0x000025f4
        [  50016 ns] Test is running, debug_wb_pc = 0x000025f8
        [  50103 ns] Test is running, debug_wb_pc = 0x000025fc
        [  50190 ns] Test is running, debug_wb_pc = 0x00002600
        [  50277 ns] Test is running, debug_wb_pc = 0x00002604
        [  50364 ns] Test is running, debug_wb_pc = 0x00002608
        [  50451 ns] Test is running, debug_wb_pc = 0x0000260c
        [  50538 ns] Test is running, debug_wb_pc = 0x00002610
        [  50625 ns] Test is running, debug_wb_pc = 0x00002614
        [  50712 ns] Test is running, debug_wb_pc = 0x00002618
        [  50799 ns] Test is running, debug_wb_pc = 0x0000261c
        [  50886 ns] Test is running, debug_wb_pc = 0x00002620
        [  50973 ns] Test is running, debug_wb_pc = 0x00002624
        [  51060 ns] Test is running, debug_wb_pc = 0x00002628
        [  51147 ns] Test is running, debug_wb_pc = 0x0000262c
        [  51233 ns] Test is running, debug_wb_pc = 0x00002630
        [  51320 ns] Test is running, debug_wb_pc = 0x00002634
        [  51407 ns] Test is running, debug_wb_pc = 0x00002638
        [  51494 ns] Test is running, debug_wb_pc = 0x0000263c
        [  51581 ns] Test is running, debug_wb_pc = 0x00002640
        [  51668 ns] Test is running, debug_wb_pc = 0x00002644
        [  51755 ns] Test is running, debug_wb_pc = 0x00002648
        [  51842 ns] Test is running, debug_wb_pc = 0x0000264c
        [  51929 ns] Test is running, debug_wb_pc = 0x00002650
        [  52016 ns] Test is running, debug_wb_pc = 0x00002654
        [  52103 ns] Test is running, debug_wb_pc = 0x00002658
        [  52190 ns] Test is running, debug_wb_pc = 0x0000265c
        [  52277 ns] Test is running, debug_wb_pc = 0x00002660
        [  52364 ns] Test is running, debug_wb_pc = 0x00002664
        [  52451 ns] Test is running, debug_wb_pc = 0x00002668
        [  52538 ns] Test is running, debug_wb_pc = 0x0000266c
        [  52625 ns] Test is running, debug_wb_pc = 0x00002670
        [  52712 ns] Test is running, debug_wb_pc = 0x00002674
        [  52799 ns] Test is running, debug_wb_pc = 0x00002678
        [  52886 ns] Test is running, debug_wb_pc = 0x0000267c
        [  52973 ns] Test is running, debug_wb_pc = 0x00002680
        [  53060 ns] Test is running, debug_wb_pc = 0x00002684
        [  53147 ns] Test is running, debug_wb_pc = 0x00002688
        [  53233 ns] Test is running, debug_wb_pc = 0x0000268c
        [  53320 ns] Test is running, debug_wb_pc = 0x00002690
        [  53407 ns] Test is running, debug_wb_pc = 0x00002694
        [  53494 ns] Test is running, debug_wb_pc = 0x00002698
        [  53581 ns] Test is running, debug_wb_pc = 0x0000269c
        [  53668 ns] Test is running, debug_wb_pc = 0x000026a0
        [  53755 ns] Test is running, debug_wb_pc = 0x000026a4
        [  53842 ns] Test is running, debug_wb_pc = 0x000026a8
        [  53929 ns] Test is running, debug_wb_pc = 0x000026ac
        [  54016 ns] Test is running, debug_wb_pc = 0x000026b0
        [  54103 ns] Test is running, debug_wb_pc = 0x000026b4
        [  54190 ns] Test is running, debug_wb_pc = 0x000026b8
        [  54277 ns] Test is running, debug_wb_pc = 0x000003f0
        [  54364 ns] Test is running, debug_wb_pc = 0x000003f4
        [  54451 ns] Test is running, debug_wb_pc = 0x00000588
        [  54538 ns] Test is running, debug_wb_pc = 0x0000058c
        [  54625 ns] Test is running, debug_wb_pc = 0x00000590
        [  54712 ns] Test is running, debug_wb_pc = 0x00000594
        [  54799 ns] Test is running, debug_wb_pc = 0x00000598
        [  54886 ns] Test is running, debug_wb_pc = 0x0000059c
        [  54973 ns] Test is running, debug_wb_pc = 0x000005a0
        [  55060 ns] Test is running, debug_wb_pc = 0x000003f8
        [  55147 ns] Test is running, debug_wb_pc = 0x000003fc
        [  55233 ns] Test is running, debug_wb_pc = 0x000026c0
        [  55320 ns] Test is running, debug_wb_pc = 0x000026c4
        [  55407 ns] Test is running, debug_wb_pc = 0x000026c8
        [  55494 ns] Test is running, debug_wb_pc = 0x000026cc
        [  55581 ns] Test is running, debug_wb_pc = 0x000026d0
        [  55668 ns] Test is running, debug_wb_pc = 0x000026d4
        [  55755 ns] Test is running, debug_wb_pc = 0x000026d8
        [  55842 ns] Test is running, debug_wb_pc = 0x000026dc
        [  55929 ns] Test is running, debug_wb_pc = 0x000026e0
        [  56016 ns] Test is running, debug_wb_pc = 0x000026e4
        [  56103 ns] Test is running, debug_wb_pc = 0x000026e8
        [  56190 ns] Test is running, debug_wb_pc = 0x000026ec
        [  56277 ns] Test is running, debug_wb_pc = 0x000026f0
        [  56364 ns] Test is running, debug_wb_pc = 0x000026f4
        [  56451 ns] Test is running, debug_wb_pc = 0x000026f8
        [  56538 ns] Test is running, debug_wb_pc = 0x000026fc
        [  56625 ns] Test is running, debug_wb_pc = 0x00002700
        [  56712 ns] Test is running, debug_wb_pc = 0x00002704
        [  56799 ns] Test is running, debug_wb_pc = 0x00002708
        [  56886 ns] Test is running, debug_wb_pc = 0x0000270c
        [  56973 ns] Test is running, debug_wb_pc = 0x00002710
        [  57060 ns] Test is running, debug_wb_pc = 0x00002714
        [  57147 ns] Test is running, debug_wb_pc = 0x00002718
        [  57233 ns] Test is running, debug_wb_pc = 0x0000271c
        [  57320 ns] Test is running, debug_wb_pc = 0x00002720
        [  57407 ns] Test is running, debug_wb_pc = 0x00002724
        [  57494 ns] Test is running, debug_wb_pc = 0x00002728
        [  57581 ns] Test is running, debug_wb_pc = 0x0000272c
        [  57668 ns] Test is running, debug_wb_pc = 0x00002730
        [  57755 ns] Test is running, debug_wb_pc = 0x00002734
        [  57842 ns] Test is running, debug_wb_pc = 0x00002738
        [  57929 ns] Test is running, debug_wb_pc = 0x0000273c
        [  58016 ns] Test is running, debug_wb_pc = 0x00002740
        [  58103 ns] Test is running, debug_wb_pc = 0x00002744
        [  58190 ns] Test is running, debug_wb_pc = 0x00002748
        [  58277 ns] Test is running, debug_wb_pc = 0x0000274c
        [  58364 ns] Test is running, debug_wb_pc = 0x00002750
        [  58451 ns] Test is running, debug_wb_pc = 0x00002754
        [  58538 ns] Test is running, debug_wb_pc = 0x00002758
        [  58625 ns] Test is running, debug_wb_pc = 0x0000275c
        [  58712 ns] Test is running, debug_wb_pc = 0x00002760
        [  58799 ns] Test is running, debug_wb_pc = 0x00002764
        [  58886 ns] Test is running, debug_wb_pc = 0x00002768
        [  58973 ns] Test is running, debug_wb_pc = 0x0000276c
        [  59060 ns] Test is running, debug_wb_pc = 0x00002770
        [  59147 ns] Test is running, debug_wb_pc = 0x00002774
        [  59233 ns] Test is running, debug_wb_pc = 0x00002778
        [  59320 ns] Test is running, debug_wb_pc = 0x0000277c
        [  59407 ns] Test is running, debug_wb_pc = 0x00002780
        [  59494 ns] Test is running, debug_wb_pc = 0x00002784
        [  59581 ns] Test is running, debug_wb_pc = 0x00002788
        [  59668 ns] Test is running, debug_wb_pc = 0x0000278c
        [  59755 ns] Test is running, debug_wb_pc = 0x00002790
        [  59842 ns] Test is running, debug_wb_pc = 0x00002794
        [  59929 ns] Test is running, debug_wb_pc = 0x00002798
        [  60016 ns] Test is running, debug_wb_pc = 0x0000279c
        [  60103 ns] Test is running, debug_wb_pc = 0x000027a0
        [  60190 ns] Test is running, debug_wb_pc = 0x000027a4
        [  60277 ns] Test is running, debug_wb_pc = 0x000027a8
        [  60364 ns] Test is running, debug_wb_pc = 0x000027ac
        [  60451 ns] Test is running, debug_wb_pc = 0x000027b0
        [  60538 ns] Test is running, debug_wb_pc = 0x000027b4
        [  60625 ns] Test is running, debug_wb_pc = 0x000027b8
        [  60712 ns] Test is running, debug_wb_pc = 0x000027bc
        [  60799 ns] Test is running, debug_wb_pc = 0x000027c0
        [  60886 ns] Test is running, debug_wb_pc = 0x000027c4
        [  60973 ns] Test is running, debug_wb_pc = 0x000027c8
        [  61060 ns] Test is running, debug_wb_pc = 0x00000400
        [  61147 ns] Test is running, debug_wb_pc = 0x00000404
        [  61233 ns] Test is running, debug_wb_pc = 0x00000588
        [  61320 ns] Test is running, debug_wb_pc = 0x0000058c
        [  61407 ns] Test is running, debug_wb_pc = 0x00000590
        [  61494 ns] Test is running, debug_wb_pc = 0x00000594
        [  61581 ns] Test is running, debug_wb_pc = 0x00000598
        [  61668 ns] Test is running, debug_wb_pc = 0x0000059c
        [  61755 ns] Test is running, debug_wb_pc = 0x000005a0
        [  61842 ns] Test is running, debug_wb_pc = 0x00000408
        [  61929 ns] Test is running, debug_wb_pc = 0x0000040c
        [  62016 ns] Test is running, debug_wb_pc = 0x000005b0
        [  62103 ns] Test is running, debug_wb_pc = 0x000005b4
        [  62190 ns] Test is running, debug_wb_pc = 0x000005b8
        [  62277 ns] Test is running, debug_wb_pc = 0x000005bc
        [  62364 ns] Test is running, debug_wb_pc = 0x000005c0
        [  62451 ns] Test is running, debug_wb_pc = 0x000005c4
        [  62538 ns] Test is running, debug_wb_pc = 0x000005c8
        [  62625 ns] Test is running, debug_wb_pc = 0x000005cc
        [  62712 ns] Test is running, debug_wb_pc = 0x000005d0
        [  62799 ns] Test is running, debug_wb_pc = 0x000005d4
        [  62886 ns] Test is running, debug_wb_pc = 0x000005d8
        [  62973 ns] Test is running, debug_wb_pc = 0x000005dc
        [  63060 ns] Test is running, debug_wb_pc = 0x000005e0
        [  63147 ns] Test is running, debug_wb_pc = 0x000005e4
        [  63233 ns] Test is running, debug_wb_pc = 0x000005e8
        [  63320 ns] Test is running, debug_wb_pc = 0x000005ec
        [  63407 ns] Test is running, debug_wb_pc = 0x000005f0
        [  63494 ns] Test is running, debug_wb_pc = 0x000005f4
        [  63581 ns] Test is running, debug_wb_pc = 0x000005f8
        [  63668 ns] Test is running, debug_wb_pc = 0x000005fc
        [  63755 ns] Test is running, debug_wb_pc = 0x00000600
        [  63842 ns] Test is running, debug_wb_pc = 0x00000604
        [  63929 ns] Test is running, debug_wb_pc = 0x00000608
        [  64016 ns] Test is running, debug_wb_pc = 0x0000060c
        [  64103 ns] Test is running, debug_wb_pc = 0x00000610
        [  64190 ns] Test is running, debug_wb_pc = 0x00000614
        [  64277 ns] Test is running, debug_wb_pc = 0x00000618
        [  64364 ns] Test is running, debug_wb_pc = 0x0000061c
        [  64451 ns] Test is running, debug_wb_pc = 0x00000620
        [  64538 ns] Test is running, debug_wb_pc = 0x00000624
        [  64625 ns] Test is running, debug_wb_pc = 0x00000628
        [  64712 ns] Test is running, debug_wb_pc = 0x0000062c
        [  64799 ns] Test is running, debug_wb_pc = 0x00000630
        [  64886 ns] Test is running, debug_wb_pc = 0x00000634
        [  64973 ns] Test is running, debug_wb_pc = 0x00000638
        [  65060 ns] Test is running, debug_wb_pc = 0x0000063c
        [  65147 ns] Test is running, debug_wb_pc = 0x00000640
        [  65233 ns] Test is running, debug_wb_pc = 0x00000644
        [  65320 ns] Test is running, debug_wb_pc = 0x00000648
        [  65407 ns] Test is running, debug_wb_pc = 0x0000064c
        [  65494 ns] Test is running, debug_wb_pc = 0x00000650
        [  65581 ns] Test is running, debug_wb_pc = 0x00000654
        [  65668 ns] Test is running, debug_wb_pc = 0x00000658
        [  65755 ns] Test is running, debug_wb_pc = 0x0000065c
        [  65842 ns] Test is running, debug_wb_pc = 0x00000660
        [  65929 ns] Test is running, debug_wb_pc = 0x00000664
        [  66016 ns] Test is running, debug_wb_pc = 0x00000668
        [  66103 ns] Test is running, debug_wb_pc = 0x0000066c
        [  66190 ns] Test is running, debug_wb_pc = 0x00000670
        [  66277 ns] Test is running, debug_wb_pc = 0x00000674
        [  66364 ns] Test is running, debug_wb_pc = 0x00000678
        [  66451 ns] Test is running, debug_wb_pc = 0x0000067c
        [  66538 ns] Test is running, debug_wb_pc = 0x00000410
        [  66625 ns] Test is running, debug_wb_pc = 0x00000414
        [  66712 ns] Test is running, debug_wb_pc = 0x00000588
        [  66799 ns] Test is running, debug_wb_pc = 0x0000058c
        [  66886 ns] Test is running, debug_wb_pc = 0x00000590
        [  66973 ns] Test is running, debug_wb_pc = 0x00000594
        [  67060 ns] Test is running, debug_wb_pc = 0x00000598
        [  67147 ns] Test is running, debug_wb_pc = 0x0000059c
        [  67233 ns] Test is running, debug_wb_pc = 0x000005a0
        [  67320 ns] Test is running, debug_wb_pc = 0x00000418
        [  67407 ns] Test is running, debug_wb_pc = 0x0000041c
        [  67494 ns] Test is running, debug_wb_pc = 0x00000690
        [  67581 ns] Test is running, debug_wb_pc = 0x00000694
        [  67668 ns] Test is running, debug_wb_pc = 0x00000698
        [  67755 ns] Test is running, debug_wb_pc = 0x0000069c
        [  67842 ns] Test is running, debug_wb_pc = 0x000006a0
        [  67929 ns] Test is running, debug_wb_pc = 0x000006a4
        [  68016 ns] Test is running, debug_wb_pc = 0x000006a8
        [  68103 ns] Test is running, debug_wb_pc = 0x000006ac
        [  68190 ns] Test is running, debug_wb_pc = 0x000006b0
        [  68277 ns] Test is running, debug_wb_pc = 0x000006b4
        [  68364 ns] Test is running, debug_wb_pc = 0x000006b8
        [  68451 ns] Test is running, debug_wb_pc = 0x000006bc
        [  68538 ns] Test is running, debug_wb_pc = 0x000006c0
        [  68625 ns] Test is running, debug_wb_pc = 0x000006c4
        [  68712 ns] Test is running, debug_wb_pc = 0x000006c8
        [  68799 ns] Test is running, debug_wb_pc = 0x000006cc
        [  68886 ns] Test is running, debug_wb_pc = 0x000006d0
        [  68973 ns] Test is running, debug_wb_pc = 0x000006d4
        [  69060 ns] Test is running, debug_wb_pc = 0x000006d8
        [  69147 ns] Test is running, debug_wb_pc = 0x000006dc
        [  69233 ns] Test is running, debug_wb_pc = 0x000006e0
        [  69320 ns] Test is running, debug_wb_pc = 0x000006e4
        [  69407 ns] Test is running, debug_wb_pc = 0x000006e8
        [  69494 ns] Test is running, debug_wb_pc = 0x000006ec
        [  69581 ns] Test is running, debug_wb_pc = 0x000006f0
        [  69668 ns] Test is running, debug_wb_pc = 0x000006f4
        [  69755 ns] Test is running, debug_wb_pc = 0x000006f8
        [  69842 ns] Test is running, debug_wb_pc = 0x000006fc
        [  69929 ns] Test is running, debug_wb_pc = 0x00000700
        [  70016 ns] Test is running, debug_wb_pc = 0x00000704
        [  70103 ns] Test is running, debug_wb_pc = 0x00000708
        [  70190 ns] Test is running, debug_wb_pc = 0x0000070c
        [  70277 ns] Test is running, debug_wb_pc = 0x00000710
        [  70364 ns] Test is running, debug_wb_pc = 0x00000714
        [  70451 ns] Test is running, debug_wb_pc = 0x00000718
        [  70538 ns] Test is running, debug_wb_pc = 0x0000071c
        [  70625 ns] Test is running, debug_wb_pc = 0x00000720
        [  70712 ns] Test is running, debug_wb_pc = 0x00000724
        [  70799 ns] Test is running, debug_wb_pc = 0x00000728
        [  70886 ns] Test is running, debug_wb_pc = 0x0000072c
        [  70973 ns] Test is running, debug_wb_pc = 0x00000730
        [  71060 ns] Test is running, debug_wb_pc = 0x00000734
        [  71147 ns] Test is running, debug_wb_pc = 0x00000738
        [  71233 ns] Test is running, debug_wb_pc = 0x0000073c
        [  71320 ns] Test is running, debug_wb_pc = 0x00000740
        [  71407 ns] Test is running, debug_wb_pc = 0x00000744
        [  71494 ns] Test is running, debug_wb_pc = 0x00000748
        [  71581 ns] Test is running, debug_wb_pc = 0x0000074c
        [  71668 ns] Test is running, debug_wb_pc = 0x00000750
        [  71755 ns] Test is running, debug_wb_pc = 0x00000754
        [  71842 ns] Test is running, debug_wb_pc = 0x00000758
        [  71929 ns] Test is running, debug_wb_pc = 0x0000075c
        [  72016 ns] Test is running, debug_wb_pc = 0x00000760
        [  72103 ns] Test is running, debug_wb_pc = 0x00000764
        [  72190 ns] Test is running, debug_wb_pc = 0x00000768
        [  72277 ns] Test is running, debug_wb_pc = 0x0000076c
        [  72364 ns] Test is running, debug_wb_pc = 0x00000770
        [  72451 ns] Test is running, debug_wb_pc = 0x00000774
        [  72538 ns] Test is running, debug_wb_pc = 0x00000778
        [  72625 ns] Test is running, debug_wb_pc = 0x0000077c
        [  72712 ns] Test is running, debug_wb_pc = 0x00000780
        [  72799 ns] Test is running, debug_wb_pc = 0x00000784
        [  72886 ns] Test is running, debug_wb_pc = 0x00000788
        [  72973 ns] Test is running, debug_wb_pc = 0x0000078c
        [  73060 ns] Test is running, debug_wb_pc = 0x00000790
        [  73147 ns] Test is running, debug_wb_pc = 0x00000794
        [  73233 ns] Test is running, debug_wb_pc = 0x00000798
        [  73320 ns] Test is running, debug_wb_pc = 0x0000079c
        [  73407 ns] Test is running, debug_wb_pc = 0x000007a0
        [  73494 ns] Test is running, debug_wb_pc = 0x000007a4
        [  73581 ns] Test is running, debug_wb_pc = 0x000007a8
        [  73668 ns] Test is running, debug_wb_pc = 0x000007ac
        [  73755 ns] Test is running, debug_wb_pc = 0x000007b0
        [  73842 ns] Test is running, debug_wb_pc = 0x000007b4
        [  73929 ns] Test is running, debug_wb_pc = 0x000007b8
        [  74016 ns] Test is running, debug_wb_pc = 0x000007bc
        [  74103 ns] Test is running, debug_wb_pc = 0x000007c0
        [  74190 ns] Test is running, debug_wb_pc = 0x000007c4
        [  74277 ns] Test is running, debug_wb_pc = 0x000007c8
        [  74364 ns] Test is running, debug_wb_pc = 0x000007cc
        [  74451 ns] Test is running, debug_wb_pc = 0x000007d0
        [  74538 ns] Test is running, debug_wb_pc = 0x000007d4
        [  74625 ns] Test is running, debug_wb_pc = 0x000007d8
        [  74712 ns] Test is running, debug_wb_pc = 0x000007dc
        [  74799 ns] Test is running, debug_wb_pc = 0x000007e0
        [  74886 ns] Test is running, debug_wb_pc = 0x000007e4
        [  74973 ns] Test is running, debug_wb_pc = 0x000007e8
        [  75060 ns] Test is running, debug_wb_pc = 0x000007ec
        [  75147 ns] Test is running, debug_wb_pc = 0x000007f0
        [  75233 ns] Test is running, debug_wb_pc = 0x000007f4
        [  75320 ns] Test is running, debug_wb_pc = 0x000007f8
        [  75407 ns] Test is running, debug_wb_pc = 0x000007fc
        [  75494 ns] Test is running, debug_wb_pc = 0x00000800
        [  75581 ns] Test is running, debug_wb_pc = 0x00000804
        [  75668 ns] Test is running, debug_wb_pc = 0x00000808
        [  75755 ns] Test is running, debug_wb_pc = 0x0000080c
        [  75842 ns] Test is running, debug_wb_pc = 0x00000810
        [  75929 ns] Test is running, debug_wb_pc = 0x00000814
        [  76016 ns] Test is running, debug_wb_pc = 0x00000818
        [  76103 ns] Test is running, debug_wb_pc = 0x0000081c
        [  76190 ns] Test is running, debug_wb_pc = 0x00000820
        [  76277 ns] Test is running, debug_wb_pc = 0x00000824
        [  76364 ns] Test is running, debug_wb_pc = 0x00000828
        [  76451 ns] Test is running, debug_wb_pc = 0x0000082c
        [  76538 ns] Test is running, debug_wb_pc = 0x00000830
        [  76625 ns] Test is running, debug_wb_pc = 0x00000834
        [  76712 ns] Test is running, debug_wb_pc = 0x00000838
        [  76799 ns] Test is running, debug_wb_pc = 0x0000083c
        [  76886 ns] Test is running, debug_wb_pc = 0x00000840
        [  76973 ns] Test is running, debug_wb_pc = 0x00000844
        [  77060 ns] Test is running, debug_wb_pc = 0x00000848
        [  77147 ns] Test is running, debug_wb_pc = 0x0000084c
        [  77233 ns] Test is running, debug_wb_pc = 0x00000850
        [  77320 ns] Test is running, debug_wb_pc = 0x00000854
        [  77407 ns] Test is running, debug_wb_pc = 0x00000858
        [  77494 ns] Test is running, debug_wb_pc = 0x0000085c
        [  77581 ns] Test is running, debug_wb_pc = 0x00000860
        [  77668 ns] Test is running, debug_wb_pc = 0x00000864
        [  77755 ns] Test is running, debug_wb_pc = 0x00000868
        [  77842 ns] Test is running, debug_wb_pc = 0x0000086c
        [  77929 ns] Test is running, debug_wb_pc = 0x00000870
        [  78016 ns] Test is running, debug_wb_pc = 0x00000420
        [  78103 ns] Test is running, debug_wb_pc = 0x00000424
        [  78190 ns] Test is running, debug_wb_pc = 0x00000588
        [  78277 ns] Test is running, debug_wb_pc = 0x0000058c
        [  78364 ns] Test is running, debug_wb_pc = 0x00000590
        [  78451 ns] Test is running, debug_wb_pc = 0x00000594
        [  78538 ns] Test is running, debug_wb_pc = 0x00000598
        [  78625 ns] Test is running, debug_wb_pc = 0x0000059c
        [  78712 ns] Test is running, debug_wb_pc = 0x000005a0
        [  78799 ns] Test is running, debug_wb_pc = 0x00000428
        [  78886 ns] Test is running, debug_wb_pc = 0x0000042c
        [  78973 ns] Test is running, debug_wb_pc = 0x00000880
        [  79060 ns] Test is running, debug_wb_pc = 0x00000884
        [  79147 ns] Test is running, debug_wb_pc = 0x00000888
        [  79233 ns] Test is running, debug_wb_pc = 0x0000088c
        [  79320 ns] Test is running, debug_wb_pc = 0x00000890
        [  79407 ns] Test is running, debug_wb_pc = 0x000008b4
        [  79494 ns] Test is running, debug_wb_pc = 0x00000898
        [  79581 ns] Test is running, debug_wb_pc = 0x0000089c
        [  79668 ns] Test is running, debug_wb_pc = 0x000008a0
        [  79755 ns] Test is running, debug_wb_pc = 0x000008c8
        [  79842 ns] Test is running, debug_wb_pc = 0x000008cc
        [  79929 ns] Test is running, debug_wb_pc = 0x000008d0
        [  80016 ns] Test is running, debug_wb_pc = 0x000008d4
        [  80103 ns] Test is running, debug_wb_pc = 0x000008d8
        [  80190 ns] Test is running, debug_wb_pc = 0x000008dc
        [  80277 ns] Test is running, debug_wb_pc = 0x000008e0
        [  80364 ns] Test is running, debug_wb_pc = 0x000008e4
        [  80451 ns] Test is running, debug_wb_pc = 0x000008e8
        [  80538 ns] Test is running, debug_wb_pc = 0x000008ec
        [  80625 ns] Test is running, debug_wb_pc = 0x000008f0
        [  80712 ns] Test is running, debug_wb_pc = 0x000008f4
        [  80799 ns] Test is running, debug_wb_pc = 0x000008f8
        [  80886 ns] Test is running, debug_wb_pc = 0x000008fc
        [  80973 ns] Test is running, debug_wb_pc = 0x00000900
        [  81060 ns] Test is running, debug_wb_pc = 0x00000904
        [  81147 ns] Test is running, debug_wb_pc = 0x00000908
        [  81233 ns] Test is running, debug_wb_pc = 0x0000092c
        [  81320 ns] Test is running, debug_wb_pc = 0x00000910
        [  81407 ns] Test is running, debug_wb_pc = 0x00000914
        [  81494 ns] Test is running, debug_wb_pc = 0x00000918
        [  81581 ns] Test is running, debug_wb_pc = 0x00000940
        [  81668 ns] Test is running, debug_wb_pc = 0x00000944
        [  81755 ns] Test is running, debug_wb_pc = 0x00000948
        [  81842 ns] Test is running, debug_wb_pc = 0x0000094c
        [  81929 ns] Test is running, debug_wb_pc = 0x00000950
        [  82016 ns] Test is running, debug_wb_pc = 0x00000954
        [  82103 ns] Test is running, debug_wb_pc = 0x00000958
        [  82190 ns] Test is running, debug_wb_pc = 0x0000095c
        [  82277 ns] Test is running, debug_wb_pc = 0x00000960
        [  82364 ns] Test is running, debug_wb_pc = 0x00000964
        [  82451 ns] Test is running, debug_wb_pc = 0x00000968
        [  82538 ns] Test is running, debug_wb_pc = 0x0000096c
        [  82625 ns] Test is running, debug_wb_pc = 0x00000970
        [  82712 ns] Test is running, debug_wb_pc = 0x00000974
        [  82799 ns] Test is running, debug_wb_pc = 0x00000978
        [  82886 ns] Test is running, debug_wb_pc = 0x0000097c
        [  82973 ns] Test is running, debug_wb_pc = 0x00000980
        [  83060 ns] Test is running, debug_wb_pc = 0x000009a4
        [  83147 ns] Test is running, debug_wb_pc = 0x00000988
        [  83233 ns] Test is running, debug_wb_pc = 0x0000098c
        [  83320 ns] Test is running, debug_wb_pc = 0x00000990
        [  83407 ns] Test is running, debug_wb_pc = 0x000009b8
        [  83494 ns] Test is running, debug_wb_pc = 0x000009bc
        [  83581 ns] Test is running, debug_wb_pc = 0x000009c0
        [  83668 ns] Test is running, debug_wb_pc = 0x000009c4
        [  83755 ns] Test is running, debug_wb_pc = 0x000009c8
        [  83842 ns] Test is running, debug_wb_pc = 0x000009cc
        [  83929 ns] Test is running, debug_wb_pc = 0x000009d0
        [  84016 ns] Test is running, debug_wb_pc = 0x000009d4
        [  84103 ns] Test is running, debug_wb_pc = 0x000009d8
        [  84190 ns] Test is running, debug_wb_pc = 0x000009dc
        [  84277 ns] Test is running, debug_wb_pc = 0x000009e0
        [  84364 ns] Test is running, debug_wb_pc = 0x000009e4
        [  84451 ns] Test is running, debug_wb_pc = 0x000009e8
        [  84538 ns] Test is running, debug_wb_pc = 0x000009ec
        [  84625 ns] Test is running, debug_wb_pc = 0x000009f0
        [  84712 ns] Test is running, debug_wb_pc = 0x000009f4
        [  84799 ns] Test is running, debug_wb_pc = 0x000009f8
        [  84886 ns] Test is running, debug_wb_pc = 0x00000a1c
        [  84973 ns] Test is running, debug_wb_pc = 0x00000a00
        [  85060 ns] Test is running, debug_wb_pc = 0x00000a04
        [  85147 ns] Test is running, debug_wb_pc = 0x00000a08
        [  85233 ns] Test is running, debug_wb_pc = 0x00000a30
        [  85320 ns] Test is running, debug_wb_pc = 0x00000a34
        [  85407 ns] Test is running, debug_wb_pc = 0x00000a38
        [  85494 ns] Test is running, debug_wb_pc = 0x00000a3c
        [  85581 ns] Test is running, debug_wb_pc = 0x00000a40
        [  85668 ns] Test is running, debug_wb_pc = 0x00000a44
        [  85755 ns] Test is running, debug_wb_pc = 0x00000a48
        [  85842 ns] Test is running, debug_wb_pc = 0x00000a4c
        [  85929 ns] Test is running, debug_wb_pc = 0x00000a50
        [  86016 ns] Test is running, debug_wb_pc = 0x00000a54
        [  86103 ns] Test is running, debug_wb_pc = 0x00000a58
        [  86190 ns] Test is running, debug_wb_pc = 0x00000a5c
        [  86277 ns] Test is running, debug_wb_pc = 0x00000a60
        [  86364 ns] Test is running, debug_wb_pc = 0x00000a64
        [  86451 ns] Test is running, debug_wb_pc = 0x00000a68
        [  86538 ns] Test is running, debug_wb_pc = 0x00000a6c
        [  86625 ns] Test is running, debug_wb_pc = 0x00000a70
        [  86712 ns] Test is running, debug_wb_pc = 0x00000a94
        [  86799 ns] Test is running, debug_wb_pc = 0x00000a78
        [  86886 ns] Test is running, debug_wb_pc = 0x00000a7c
        [  86973 ns] Test is running, debug_wb_pc = 0x00000a80
        [  87060 ns] Test is running, debug_wb_pc = 0x00000aa8
        [  87147 ns] Test is running, debug_wb_pc = 0x00000aac
        [  87233 ns] Test is running, debug_wb_pc = 0x00000ab0
        [  87320 ns] Test is running, debug_wb_pc = 0x00000ab4
        [  87407 ns] Test is running, debug_wb_pc = 0x00000ab8
        [  87494 ns] Test is running, debug_wb_pc = 0x00000abc
        [  87581 ns] Test is running, debug_wb_pc = 0x00000ac0
        [  87668 ns] Test is running, debug_wb_pc = 0x00000ac4
        [  87755 ns] Test is running, debug_wb_pc = 0x00000ac8
        [  87842 ns] Test is running, debug_wb_pc = 0x00000acc
        [  87929 ns] Test is running, debug_wb_pc = 0x00000ad0
        [  88016 ns] Test is running, debug_wb_pc = 0x00000ad4
        [  88103 ns] Test is running, debug_wb_pc = 0x00000ad8
        [  88190 ns] Test is running, debug_wb_pc = 0x00000adc
        [  88277 ns] Test is running, debug_wb_pc = 0x00000ae0
        [  88364 ns] Test is running, debug_wb_pc = 0x00000ae4
        [  88451 ns] Test is running, debug_wb_pc = 0x00000ae8
        [  88538 ns] Test is running, debug_wb_pc = 0x00000aec
        [  88625 ns] Test is running, debug_wb_pc = 0x00000af0
        [  88712 ns] Test is running, debug_wb_pc = 0x00000af4
        [  88799 ns] Test is running, debug_wb_pc = 0x00000af8
        [  88886 ns] Test is running, debug_wb_pc = 0x00000afc
        [  88973 ns] Test is running, debug_wb_pc = 0x00000b00
        [  89060 ns] Test is running, debug_wb_pc = 0x00000b04
        [  89147 ns] Test is running, debug_wb_pc = 0x00000430
        [  89233 ns] Test is running, debug_wb_pc = 0x00000434
        [  89320 ns] Test is running, debug_wb_pc = 0x00000588
        [  89407 ns] Test is running, debug_wb_pc = 0x0000058c
        [  89494 ns] Test is running, debug_wb_pc = 0x00000590
        [  89581 ns] Test is running, debug_wb_pc = 0x00000594
        [  89668 ns] Test is running, debug_wb_pc = 0x00000598
        [  89755 ns] Test is running, debug_wb_pc = 0x0000059c
        [  89842 ns] Test is running, debug_wb_pc = 0x000005a0
        [  89929 ns] Test is running, debug_wb_pc = 0x00000438
        [  90016 ns] Test is running, debug_wb_pc = 0x0000043c
        [  90103 ns] Test is running, debug_wb_pc = 0x00000b10
        [  90190 ns] Test is running, debug_wb_pc = 0x00000b14
        [  90277 ns] Test is running, debug_wb_pc = 0x00000b18
        [  90364 ns] Test is running, debug_wb_pc = 0x00000b1c
        [  90451 ns] Test is running, debug_wb_pc = 0x00000b20
        [  90538 ns] Test is running, debug_wb_pc = 0x00000b24
        [  90625 ns] Test is running, debug_wb_pc = 0x00000b4c
        [  90712 ns] Test is running, debug_wb_pc = 0x00000b50
        [  90799 ns] Test is running, debug_wb_pc = 0x00000b2c
        [  90886 ns] Test is running, debug_wb_pc = 0x00000b30
        [  90973 ns] Test is running, debug_wb_pc = 0x00000b34
        [  91060 ns] Test is running, debug_wb_pc = 0x00000b38
        [  91147 ns] Test is running, debug_wb_pc = 0x00000b64
        [  91233 ns] Test is running, debug_wb_pc = 0x00000b68
        [  91320 ns] Test is running, debug_wb_pc = 0x00000b6c
        [  91407 ns] Test is running, debug_wb_pc = 0x00000b70
        [  91494 ns] Test is running, debug_wb_pc = 0x00000b74
        [  91581 ns] Test is running, debug_wb_pc = 0x00000b78
        [  91668 ns] Test is running, debug_wb_pc = 0x00000b7c
        [  91755 ns] Test is running, debug_wb_pc = 0x00000b80
        [  91842 ns] Test is running, debug_wb_pc = 0x00000b84
        [  91929 ns] Test is running, debug_wb_pc = 0x00000b88
        [  92016 ns] Test is running, debug_wb_pc = 0x00000b8c
        [  92103 ns] Test is running, debug_wb_pc = 0x00000b90
        [  92190 ns] Test is running, debug_wb_pc = 0x00000b94
        [  92277 ns] Test is running, debug_wb_pc = 0x00000b98
        [  92364 ns] Test is running, debug_wb_pc = 0x00000b9c
        [  92451 ns] Test is running, debug_wb_pc = 0x00000ba0
        [  92538 ns] Test is running, debug_wb_pc = 0x00000ba4
        [  92625 ns] Test is running, debug_wb_pc = 0x00000ba8
        [  92712 ns] Test is running, debug_wb_pc = 0x00000bac
        [  92799 ns] Test is running, debug_wb_pc = 0x00000bb0
        [  92886 ns] Test is running, debug_wb_pc = 0x00000bb4
        [  92973 ns] Test is running, debug_wb_pc = 0x00000bb8
        [  93060 ns] Test is running, debug_wb_pc = 0x00000bbc
        [  93147 ns] Test is running, debug_wb_pc = 0x00000bc0
        [  93233 ns] Test is running, debug_wb_pc = 0x00000bc4
        [  93320 ns] Test is running, debug_wb_pc = 0x00000bec
        [  93407 ns] Test is running, debug_wb_pc = 0x00000bf0
        [  93494 ns] Test is running, debug_wb_pc = 0x00000bcc
        [  93581 ns] Test is running, debug_wb_pc = 0x00000bd0
        [  93668 ns] Test is running, debug_wb_pc = 0x00000bd4
        [  93755 ns] Test is running, debug_wb_pc = 0x00000bd8
        [  93842 ns] Test is running, debug_wb_pc = 0x00000c04
        [  93929 ns] Test is running, debug_wb_pc = 0x00000c08
        [  94016 ns] Test is running, debug_wb_pc = 0x00000c0c
        [  94103 ns] Test is running, debug_wb_pc = 0x00000c10
        [  94190 ns] Test is running, debug_wb_pc = 0x00000c14
        [  94277 ns] Test is running, debug_wb_pc = 0x00000c18
        [  94364 ns] Test is running, debug_wb_pc = 0x00000c1c
        [  94451 ns] Test is running, debug_wb_pc = 0x00000c20
        [  94538 ns] Test is running, debug_wb_pc = 0x00000c24
        [  94625 ns] Test is running, debug_wb_pc = 0x00000c28
        [  94712 ns] Test is running, debug_wb_pc = 0x00000c2c
        [  94799 ns] Test is running, debug_wb_pc = 0x00000c30
        [  94886 ns] Test is running, debug_wb_pc = 0x00000c34
        [  94973 ns] Test is running, debug_wb_pc = 0x00000c38
        [  95060 ns] Test is running, debug_wb_pc = 0x00000c3c
        [  95147 ns] Test is running, debug_wb_pc = 0x00000c40
        [  95233 ns] Test is running, debug_wb_pc = 0x00000c44
        [  95320 ns] Test is running, debug_wb_pc = 0x00000c48
        [  95407 ns] Test is running, debug_wb_pc = 0x00000c4c
        [  95494 ns] Test is running, debug_wb_pc = 0x00000c50
        [  95581 ns] Test is running, debug_wb_pc = 0x00000c54
        [  95668 ns] Test is running, debug_wb_pc = 0x00000c58
        [  95755 ns] Test is running, debug_wb_pc = 0x00000c5c
        [  95842 ns] Test is running, debug_wb_pc = 0x00000c60
        [  95929 ns] Test is running, debug_wb_pc = 0x00000c64
        [  96016 ns] Test is running, debug_wb_pc = 0x00000c8c
        [  96103 ns] Test is running, debug_wb_pc = 0x00000c90
        [  96190 ns] Test is running, debug_wb_pc = 0x00000c6c
        [  96277 ns] Test is running, debug_wb_pc = 0x00000c70
        [  96364 ns] Test is running, debug_wb_pc = 0x00000c74
        [  96451 ns] Test is running, debug_wb_pc = 0x00000c78
        [  96538 ns] Test is running, debug_wb_pc = 0x00000ca4
        [  96625 ns] Test is running, debug_wb_pc = 0x00000ca8
        [  96712 ns] Test is running, debug_wb_pc = 0x00000cac
        [  96799 ns] Test is running, debug_wb_pc = 0x00000cb0
        [  96886 ns] Test is running, debug_wb_pc = 0x00000cb4
        [  96973 ns] Test is running, debug_wb_pc = 0x00000cb8
        [  97060 ns] Test is running, debug_wb_pc = 0x00000cbc
        [  97147 ns] Test is running, debug_wb_pc = 0x00000cc0
        [  97233 ns] Test is running, debug_wb_pc = 0x00000cc4
        [  97320 ns] Test is running, debug_wb_pc = 0x00000cc8
        [  97407 ns] Test is running, debug_wb_pc = 0x00000ccc
        [  97494 ns] Test is running, debug_wb_pc = 0x00000cd0
        [  97581 ns] Test is running, debug_wb_pc = 0x00000cd4
        [  97668 ns] Test is running, debug_wb_pc = 0x00000cd8
        [  97755 ns] Test is running, debug_wb_pc = 0x00000cdc
        [  97842 ns] Test is running, debug_wb_pc = 0x00000ce0
        [  97929 ns] Test is running, debug_wb_pc = 0x00000ce4
        [  98016 ns] Test is running, debug_wb_pc = 0x00000ce8
        [  98103 ns] Test is running, debug_wb_pc = 0x00000cec
        [  98190 ns] Test is running, debug_wb_pc = 0x00000cf0
        [  98277 ns] Test is running, debug_wb_pc = 0x00000cf4
        [  98364 ns] Test is running, debug_wb_pc = 0x00000cf8
        [  98451 ns] Test is running, debug_wb_pc = 0x00000cfc
        [  98538 ns] Test is running, debug_wb_pc = 0x00000d00
        [  98625 ns] Test is running, debug_wb_pc = 0x00000d04
        [  98712 ns] Test is running, debug_wb_pc = 0x00000d2c
        [  98799 ns] Test is running, debug_wb_pc = 0x00000d30
        [  98886 ns] Test is running, debug_wb_pc = 0x00000d0c
        [  98973 ns] Test is running, debug_wb_pc = 0x00000d10
        [  99060 ns] Test is running, debug_wb_pc = 0x00000d14
        [  99147 ns] Test is running, debug_wb_pc = 0x00000d18
        [  99233 ns] Test is running, debug_wb_pc = 0x00000d44
        [  99320 ns] Test is running, debug_wb_pc = 0x00000d48
        [  99407 ns] Test is running, debug_wb_pc = 0x00000d4c
        [  99494 ns] Test is running, debug_wb_pc = 0x00000d50
        [  99581 ns] Test is running, debug_wb_pc = 0x00000d54
        [  99668 ns] Test is running, debug_wb_pc = 0x00000d58
        [  99755 ns] Test is running, debug_wb_pc = 0x00000d5c
        [  99842 ns] Test is running, debug_wb_pc = 0x00000d60
        [  99929 ns] Test is running, debug_wb_pc = 0x00000d64
        [ 100016 ns] Test is running, debug_wb_pc = 0x00000d68
        [ 100103 ns] Test is running, debug_wb_pc = 0x00000d6c
        [ 100190 ns] Test is running, debug_wb_pc = 0x00000d70
        [ 100277 ns] Test is running, debug_wb_pc = 0x00000d74
        [ 100364 ns] Test is running, debug_wb_pc = 0x00000d78
        [ 100451 ns] Test is running, debug_wb_pc = 0x00000d7c
        [ 100538 ns] Test is running, debug_wb_pc = 0x00000d80
        [ 100625 ns] Test is running, debug_wb_pc = 0x00000d84
        [ 100712 ns] Test is running, debug_wb_pc = 0x00000d88
        [ 100799 ns] Test is running, debug_wb_pc = 0x00000d8c
        [ 100886 ns] Test is running, debug_wb_pc = 0x00000d90
        [ 100973 ns] Test is running, debug_wb_pc = 0x00000d94
        [ 101060 ns] Test is running, debug_wb_pc = 0x00000d98
        [ 101147 ns] Test is running, debug_wb_pc = 0x00000d9c
        [ 101233 ns] Test is running, debug_wb_pc = 0x00000da0
        [ 101320 ns] Test is running, debug_wb_pc = 0x00000da4
        [ 101407 ns] Test is running, debug_wb_pc = 0x00000dcc
        [ 101494 ns] Test is running, debug_wb_pc = 0x00000dd0
        [ 101581 ns] Test is running, debug_wb_pc = 0x00000dac
        [ 101668 ns] Test is running, debug_wb_pc = 0x00000db0
        [ 101755 ns] Test is running, debug_wb_pc = 0x00000db4
        [ 101842 ns] Test is running, debug_wb_pc = 0x00000db8
        [ 101929 ns] Test is running, debug_wb_pc = 0x00000de4
        [ 102016 ns] Test is running, debug_wb_pc = 0x00000de8
        [ 102103 ns] Test is running, debug_wb_pc = 0x00000dec
        [ 102190 ns] Test is running, debug_wb_pc = 0x00000df0
        [ 102277 ns] Test is running, debug_wb_pc = 0x00000df4
        [ 102364 ns] Test is running, debug_wb_pc = 0x00000df8
        [ 102451 ns] Test is running, debug_wb_pc = 0x00000dfc
        [ 102538 ns] Test is running, debug_wb_pc = 0x00000e00
        [ 102625 ns] Test is running, debug_wb_pc = 0x00000e04
        [ 102712 ns] Test is running, debug_wb_pc = 0x00000e08
        [ 102799 ns] Test is running, debug_wb_pc = 0x00000e0c
        [ 102886 ns] Test is running, debug_wb_pc = 0x00000e10
        [ 102973 ns] Test is running, debug_wb_pc = 0x00000e14
        [ 103060 ns] Test is running, debug_wb_pc = 0x00000e18
        [ 103147 ns] Test is running, debug_wb_pc = 0x00000e1c
        [ 103233 ns] Test is running, debug_wb_pc = 0x00000e20
        [ 103320 ns] Test is running, debug_wb_pc = 0x00000e24
        [ 103407 ns] Test is running, debug_wb_pc = 0x00000e28
        [ 103494 ns] Test is running, debug_wb_pc = 0x00000e2c
        [ 103581 ns] Test is running, debug_wb_pc = 0x00000e30
        [ 103668 ns] Test is running, debug_wb_pc = 0x00000e34
        [ 103755 ns] Test is running, debug_wb_pc = 0x00000e38
        [ 103842 ns] Test is running, debug_wb_pc = 0x00000e3c
        [ 103929 ns] Test is running, debug_wb_pc = 0x00000e40
        [ 104016 ns] Test is running, debug_wb_pc = 0x00000e44
        [ 104103 ns] Test is running, debug_wb_pc = 0x00000e48
        [ 104190 ns] Test is running, debug_wb_pc = 0x00000e4c
        [ 104277 ns] Test is running, debug_wb_pc = 0x00000e50
        [ 104364 ns] Test is running, debug_wb_pc = 0x00000e54
        [ 104451 ns] Test is running, debug_wb_pc = 0x00000e58
        [ 104538 ns] Test is running, debug_wb_pc = 0x00000e5c
        [ 104625 ns] Test is running, debug_wb_pc = 0x00000440
        [ 104712 ns] Test is running, debug_wb_pc = 0x00000444
        [ 104799 ns] Test is running, debug_wb_pc = 0x00000588
        [ 104886 ns] Test is running, debug_wb_pc = 0x0000058c
        [ 104973 ns] Test is running, debug_wb_pc = 0x00000590
        [ 105060 ns] Test is running, debug_wb_pc = 0x00000594
        [ 105147 ns] Test is running, debug_wb_pc = 0x00000598
        [ 105233 ns] Test is running, debug_wb_pc = 0x0000059c
        [ 105320 ns] Test is running, debug_wb_pc = 0x000005a0
        [ 105407 ns] Test is running, debug_wb_pc = 0x00000448
        [ 105494 ns] Test is running, debug_wb_pc = 0x0000044c
        [ 105581 ns] Test is running, debug_wb_pc = 0x00000e70
        [ 105668 ns] Test is running, debug_wb_pc = 0x00000e74
        [ 105755 ns] Test is running, debug_wb_pc = 0x00000e78
        [ 105842 ns] Test is running, debug_wb_pc = 0x00000e7c
        [ 105929 ns] Test is running, debug_wb_pc = 0x00000e80
        [ 106016 ns] Test is running, debug_wb_pc = 0x00000e84
        [ 106103 ns] Test is running, debug_wb_pc = 0x00000e88
        [ 106190 ns] Test is running, debug_wb_pc = 0x00000e8c
        [ 106277 ns] Test is running, debug_wb_pc = 0x00000e90
        [ 106364 ns] Test is running, debug_wb_pc = 0x00000eb4
        [ 106451 ns] Test is running, debug_wb_pc = 0x00000450
        [ 106538 ns] Test is running, debug_wb_pc = 0x00000454
        [ 106625 ns] Test is running, debug_wb_pc = 0x00000588
--------------------------------------------------------------
[ 106630 ns] Error!!!
    reference: PC = 0x00000e9c, wb_rf_wnum = 0x02, wb_rf_wdata = 0xc21e0000
    mycpu    : PC = 0x00000588, wb_rf_wnum = 0x1f, wb_rf_wdata = 0x00000458
--------------------------------------------------------------
        [ 106712 ns] Test is running, debug_wb_pc = 0x0000058c
$finish called at time : 106729798 ps : File "C:/Users/fay/Documents/GitHub/Computer_design_and_practice/Single_cycle_CPU/code/Single_cycle_CPU/Single_cycle_CPU.srcs/sim_1/new/mycpu_tb.v" Line 117
